2025-11-19 23:47:26,732 [INFO] ╔====================================================================╗
2025-11-19 23:47:26,732 [INFO] ║               UFC FIGHT PREDICTOR AUTO-RETRAIN                     ║
2025-11-19 23:47:26,732 [INFO] ║                    Started: 2025-11-19 23:47:26                     ║
2025-11-19 23:47:26,732 [INFO] ╚====================================================================╝
2025-11-19 23:47:26,732 [INFO] ======================================================================
2025-11-19 23:47:26,732 [INFO] STEP 1: SCRAPING NEW FIGHTS
2025-11-19 23:47:26,732 [INFO] ======================================================================
2025-11-19 23:47:27,890 [INFO] ✓ Scraping completed: 0 new fights added
2025-11-19 23:47:27,891 [INFO] Force processing enabled - will process even without new scrapes
2025-11-19 23:47:27,891 [INFO] 
======================================================================
2025-11-19 23:47:27,891 [INFO] STEP 2: PROCESSING NEW DATA
2025-11-19 23:47:27,891 [INFO] ======================================================================
2025-11-19 23:47:28,072 [INFO] ✓ Processing completed: 0 new fights processed
2025-11-19 23:47:28,072 [INFO] 
======================================================================
2025-11-19 23:47:28,072 [INFO] STEP 3: FEATURE ENGINEERING
2025-11-19 23:47:28,072 [INFO] ======================================================================
2025-11-19 23:47:28,072 [INFO] Force feature engineering enabled
2025-11-19 23:47:28,072 [INFO] Running full feature engineering (process_fights_alpha.py)
2025-11-19 23:47:34,648 [INFO] ✓ Feature engineering completed
2025-11-19 23:47:34,649 [INFO] 
======================================================================
2025-11-19 23:47:34,649 [INFO] STEP 4: MODEL TRAINING
2025-11-19 23:47:34,649 [INFO] ======================================================================
2025-11-19 23:47:34,649 [INFO] Backing up existing models to saved_models/backup_20251119_234734
2025-11-19 23:47:34,649 [INFO] Training model (this may take several minutes)...
2025-11-19 23:47:35,032 [ERROR] Model training failed: Traceback (most recent call last):
  File "/Users/aalex_xuu/Desktop/UFCFightPredictor/ml_alpha_date.py", line 6, in <module>
    import lightgbm as lgb
ModuleNotFoundError: No module named 'lightgbm'

2025-11-19 23:47:35,032 [ERROR] ✗ Model training failed: Model training failed
2025-11-19 23:47:35,032 [ERROR] 

FATAL ERROR: Model training failed
Traceback (most recent call last):
  File "/Users/aalex_xuu/Desktop/UFCFightPredictor/auto_retrain.py", line 487, in main
    accuracy = run_model_training()
               ^^^^^^^^^^^^^^^^^^^^
  File "/Users/aalex_xuu/Desktop/UFCFightPredictor/auto_retrain.py", line 223, in run_model_training
    raise Exception("Model training failed")
Exception: Model training failed
2025-11-19 23:47:35,033 [INFO] 
======================================================================
2025-11-19 23:47:35,033 [INFO] STEP 6: NOTIFICATION
2025-11-19 23:47:35,033 [INFO] ======================================================================
2025-11-19 23:47:35,033 [INFO] ✗ Auto-retraining failure: Model training failed
2025-11-19 23:47:35,033 [INFO] Log file: logs/auto_retrain_20251119_234726.log
