2025-11-19 23:58:49,841 [INFO] ╔====================================================================╗
2025-11-19 23:58:49,841 [INFO] ║               UFC FIGHT PREDICTOR AUTO-RETRAIN                     ║
2025-11-19 23:58:49,841 [INFO] ║                    Started: 2025-11-19 23:58:49                     ║
2025-11-19 23:58:49,841 [INFO] ╚====================================================================╝
2025-11-19 23:58:49,841 [INFO] Skipping scraping step (--skip-scrape)
2025-11-19 23:58:49,841 [INFO] Force processing enabled - will process even without new scrapes
2025-11-19 23:58:49,841 [INFO] 
======================================================================
2025-11-19 23:58:49,841 [INFO] STEP 2: PROCESSING NEW DATA
2025-11-19 23:58:49,841 [INFO] ======================================================================
2025-11-19 23:58:50,037 [INFO] ✓ Processing completed: 0 new fights processed
2025-11-19 23:58:50,038 [INFO] 
======================================================================
2025-11-19 23:58:50,038 [INFO] STEP 3: FEATURE ENGINEERING
2025-11-19 23:58:50,038 [INFO] ======================================================================
2025-11-19 23:58:50,038 [INFO] Force feature engineering enabled
2025-11-19 23:58:50,038 [INFO] Running full feature engineering (process_fights_alpha.py)
2025-11-19 23:58:56,598 [INFO] ✓ Feature engineering completed
2025-11-19 23:58:56,598 [INFO] 
======================================================================
2025-11-19 23:58:56,598 [INFO] STEP 4: MODEL TRAINING
2025-11-19 23:58:56,598 [INFO] ======================================================================
2025-11-19 23:58:56,598 [INFO] Backing up existing models to saved_models/backup_20251119_235856
2025-11-19 23:58:56,599 [INFO] Training model (this may take several minutes)...
2025-11-19 23:59:14,897 [INFO] ✓ Model training completed - Accuracy: 0.6988
2025-11-19 23:59:14,897 [INFO] 
======================================================================
2025-11-19 23:59:14,898 [INFO] STEP 5: MODEL VALIDATION
2025-11-19 23:59:14,898 [INFO] ======================================================================
2025-11-19 23:59:14,898 [INFO] Model log loss: 0.6437
2025-11-19 23:59:14,906 [INFO] Test accuracy: 0.6988 (2230/3191)
2025-11-19 23:59:14,907 [INFO] ✓ Model validation passed
2025-11-19 23:59:14,907 [INFO] 
======================================================================
2025-11-19 23:59:14,907 [INFO] STEP 5a: SCRAPING BETTING ODDS
2025-11-19 23:59:14,907 [INFO] ======================================================================
2025-11-19 23:59:14,907 [INFO] Running odds scraper...
2025-11-19 23:59:17,947 [INFO] ✓ Odds scraping completed successfully
2025-11-19 23:59:17,947 [INFO] 
======================================================================
2025-11-19 23:59:17,947 [INFO] STEP 5b: BACKTESTING MODEL PERFORMANCE
2025-11-19 23:59:17,947 [INFO] ======================================================================
2025-11-19 23:59:17,947 [INFO] Running backtest from 2024-11-19 to 2025-11-19...
2025-11-19 23:59:22,877 [INFO] ✓ Backtesting completed
2025-11-19 23:59:22,878 [INFO]   Starting bankroll: $1000
2025-11-19 23:59:22,878 [INFO]   Final bankroll: $3504.12
2025-11-19 23:59:22,878 [INFO]   Profit: +250.41%
2025-11-19 23:59:22,878 [INFO] 
======================================================================
2025-11-19 23:59:22,878 [INFO] STEP 6: NOTIFICATION
2025-11-19 23:59:22,878 [INFO] ======================================================================
2025-11-19 23:59:22,878 [INFO] ✓ Auto-retraining success: Successfully retrained model with 1 new fights (Accuracy: 0.6988), Backtest profit: +250.41%
2025-11-19 23:59:22,878 [INFO] Log file: logs/auto_retrain_20251119_235849.log
2025-11-19 23:59:22,878 [INFO] 
╔====================================================================╗
2025-11-19 23:59:22,878 [INFO] ║                  AUTO-RETRAIN COMPLETED SUCCESSFULLY               ║
2025-11-19 23:59:22,878 [INFO] ║                    Finished: 2025-11-19 23:59:22                    ║
2025-11-19 23:59:22,878 [INFO] ╚====================================================================╝

