2025-11-19 23:47:55,877 [INFO] ╔====================================================================╗
2025-11-19 23:47:55,878 [INFO] ║               UFC FIGHT PREDICTOR AUTO-RETRAIN                     ║
2025-11-19 23:47:55,878 [INFO] ║                    Started: 2025-11-19 23:47:55                     ║
2025-11-19 23:47:55,878 [INFO] ╚====================================================================╝
2025-11-19 23:47:55,878 [INFO] ======================================================================
2025-11-19 23:47:55,878 [INFO] STEP 1: SCRAPING NEW FIGHTS
2025-11-19 23:47:55,878 [INFO] ======================================================================
2025-11-19 23:47:56,466 [INFO] ✓ Scraping completed: 0 new fights added
2025-11-19 23:47:56,466 [INFO] Force processing enabled - will process even without new scrapes
2025-11-19 23:47:56,466 [INFO] 
======================================================================
2025-11-19 23:47:56,466 [INFO] STEP 2: PROCESSING NEW DATA
2025-11-19 23:47:56,467 [INFO] ======================================================================
2025-11-19 23:47:56,664 [INFO] ✓ Processing completed: 0 new fights processed
2025-11-19 23:47:56,664 [INFO] 
======================================================================
2025-11-19 23:47:56,664 [INFO] STEP 3: FEATURE ENGINEERING
2025-11-19 23:47:56,664 [INFO] ======================================================================
2025-11-19 23:47:56,664 [INFO] Force feature engineering enabled
2025-11-19 23:47:56,664 [INFO] Running full feature engineering (process_fights_alpha.py)
2025-11-19 23:48:02,677 [INFO] ✓ Feature engineering completed
2025-11-19 23:48:02,678 [INFO] 
======================================================================
2025-11-19 23:48:02,678 [INFO] STEP 4: MODEL TRAINING
2025-11-19 23:48:02,678 [INFO] ======================================================================
2025-11-19 23:48:02,678 [INFO] Backing up existing models to saved_models/backup_20251119_234802
2025-11-19 23:48:02,678 [INFO] Training model (this may take several minutes)...
2025-11-19 23:48:17,283 [INFO] ✓ Model training completed - Accuracy: 0.6825
2025-11-19 23:48:17,283 [INFO] 
======================================================================
2025-11-19 23:48:17,283 [INFO] STEP 5: MODEL VALIDATION
2025-11-19 23:48:17,283 [INFO] ======================================================================
2025-11-19 23:48:17,284 [INFO] Model log loss: 0.6520
2025-11-19 23:48:17,290 [INFO] Test accuracy: 0.6825 (2178/3191)
2025-11-19 23:48:17,290 [INFO] ✓ Model validation passed
2025-11-19 23:48:17,290 [INFO] 
======================================================================
2025-11-19 23:48:17,290 [INFO] STEP 5a: SCRAPING BETTING ODDS
2025-11-19 23:48:17,290 [INFO] ======================================================================
2025-11-19 23:48:17,290 [INFO] Running odds scraper...
2025-11-19 23:48:32,654 [INFO] ✓ Odds scraping completed successfully
2025-11-19 23:48:32,654 [INFO] 
======================================================================
2025-11-19 23:48:32,654 [INFO] STEP 5b: BACKTESTING MODEL PERFORMANCE
2025-11-19 23:48:32,654 [INFO] ======================================================================
2025-11-19 23:48:32,654 [INFO] Running backtest from 2024-11-19 to 2025-11-19...
2025-11-19 23:48:37,422 [WARNING] ⚠ Backtesting failed with exit code 1
2025-11-19 23:48:37,423 [WARNING] Error: Traceback (most recent call last):
  File "/Users/aalex_xuu/Desktop/UFCFightPredictor/testing/testing_time_period.py", line 383, in <module>
    process_dates(start_date, end_date, strategy=[0.05, 0.0
2025-11-19 23:48:37,423 [INFO] 
======================================================================
2025-11-19 23:48:37,423 [INFO] STEP 6: NOTIFICATION
2025-11-19 23:48:37,423 [INFO] ======================================================================
2025-11-19 23:48:37,423 [INFO] ✓ Auto-retraining success: Successfully retrained model with 0 new fights (Accuracy: 0.6825)
2025-11-19 23:48:37,423 [INFO] Log file: logs/auto_retrain_20251119_234755.log
2025-11-19 23:48:37,423 [INFO] 
╔====================================================================╗
2025-11-19 23:48:37,423 [INFO] ║                  AUTO-RETRAIN COMPLETED SUCCESSFULLY               ║
2025-11-19 23:48:37,423 [INFO] ║                    Finished: 2025-11-19 23:48:37                    ║
2025-11-19 23:48:37,423 [INFO] ╚====================================================================╝

