2025-11-24 02:11:06,518 [INFO] ╔====================================================================╗
2025-11-24 02:11:06,519 [INFO] ║               UFC FIGHT PREDICTOR AUTO-RETRAIN                     ║
2025-11-24 02:11:06,519 [INFO] ║                    Started: 2025-11-24 02:11:06                     ║
2025-11-24 02:11:06,519 [INFO] ╚====================================================================╝
2025-11-24 02:11:06,519 [INFO] ======================================================================
2025-11-24 02:11:06,519 [INFO] STEP 1: SCRAPING NEW FIGHTS
2025-11-24 02:11:06,519 [INFO] ======================================================================
2025-11-24 04:47:55,005 [INFO] ✓ Scraping completed: 13 new fights added
2025-11-24 04:47:55,005 [INFO] 
======================================================================
2025-11-24 04:47:55,005 [INFO] STEP 2: PROCESSING NEW DATA
2025-11-24 04:47:55,005 [INFO] ======================================================================
2025-11-24 04:47:55,192 [INFO] ✓ Processing completed: 13 new fights processed
2025-11-24 04:47:55,192 [INFO] 
======================================================================
2025-11-24 04:47:55,192 [INFO] STEP 3: FEATURE ENGINEERING
2025-11-24 04:47:55,192 [INFO] ======================================================================
2025-11-24 04:47:55,192 [INFO] Force feature engineering enabled
2025-11-24 04:47:55,192 [INFO] Running full feature engineering (process_fights_alpha.py)
2025-11-24 06:07:28,837 [INFO] ✓ Feature engineering completed
2025-11-24 06:07:28,838 [INFO] 
======================================================================
2025-11-24 06:07:28,838 [INFO] STEP 4: MODEL TRAINING
2025-11-24 06:07:28,838 [INFO] ======================================================================
2025-11-24 06:07:28,839 [INFO] Backing up existing models to saved_models/backup_20251124_060728
2025-11-24 06:07:28,840 [INFO] Training model (this may take several minutes)...
2025-11-24 10:10:33,370 [INFO] ✓ Model training completed - Accuracy: 0.6881
2025-11-24 10:10:33,371 [INFO] 
======================================================================
2025-11-24 10:10:33,371 [INFO] STEP 5: MODEL VALIDATION
2025-11-24 10:10:33,371 [INFO] ======================================================================
2025-11-24 10:10:33,371 [INFO] Model log loss: 0.6548
2025-11-24 10:10:33,377 [INFO] Test accuracy: 0.6881 (2204/3203)
2025-11-24 10:10:33,377 [INFO] ✓ Model validation passed
2025-11-24 10:10:33,377 [INFO] 
======================================================================
2025-11-24 10:10:33,377 [INFO] STEP 5a: SCRAPING BETTING ODDS
2025-11-24 10:10:33,377 [INFO] ======================================================================
2025-11-24 10:10:33,377 [INFO] Running odds scraper...
2025-11-24 10:51:36,195 [WARNING] ⚠ Odds scraping timed out after 10 minutes
2025-11-24 10:51:36,197 [INFO] 
======================================================================
2025-11-24 10:51:36,197 [INFO] STEP 5b: BACKTESTING MODEL PERFORMANCE
2025-11-24 10:51:36,197 [INFO] ======================================================================
2025-11-24 10:51:36,198 [INFO] Running backtest from 2024-11-24 to 2025-11-24...
2025-11-24 10:51:43,901 [INFO] ✓ Backtesting completed
2025-11-24 10:51:43,901 [INFO]   Starting bankroll: $1000
2025-11-24 10:51:43,901 [INFO]   Final bankroll: $2992.59
2025-11-24 10:51:43,901 [INFO]   Profit: +199.26%
2025-11-24 10:51:43,901 [INFO] 
======================================================================
2025-11-24 10:51:43,901 [INFO] STEP 6: NOTIFICATION
2025-11-24 10:51:43,901 [INFO] ======================================================================
2025-11-24 10:51:43,901 [INFO] ✓ Auto-retraining success: Successfully retrained model with 13 new fights (Accuracy: 0.6881), Backtest profit: +199.26%
2025-11-24 10:51:43,902 [INFO] Log file: logs/auto_retrain_20251124_021106.log
2025-11-24 10:51:43,902 [INFO] 
╔====================================================================╗
2025-11-24 10:51:43,902 [INFO] ║                  AUTO-RETRAIN COMPLETED SUCCESSFULLY               ║
2025-11-24 10:51:43,902 [INFO] ║                    Finished: 2025-11-24 10:51:43                    ║
2025-11-24 10:51:43,902 [INFO] ╚====================================================================╝

