2025-10-21 17:56:32,997 [INFO] ╔====================================================================╗
2025-10-21 17:56:32,997 [INFO] ║               UFC FIGHT PREDICTOR AUTO-RETRAIN                     ║
2025-10-21 17:56:32,997 [INFO] ║                    Started: 2025-10-21 17:56:32                     ║
2025-10-21 17:56:32,997 [INFO] ╚====================================================================╝
2025-10-21 17:56:32,997 [INFO] ======================================================================
2025-10-21 17:56:32,997 [INFO] STEP 1: SCRAPING NEW FIGHTS
2025-10-21 17:56:32,998 [INFO] ======================================================================
2025-10-21 17:56:34,358 [INFO] ✓ Scraping completed: 0 new fights added
2025-10-21 17:56:34,358 [INFO] Force processing enabled - will process even without new scrapes
2025-10-21 17:56:34,358 [INFO] 
======================================================================
2025-10-21 17:56:34,358 [INFO] STEP 2: PROCESSING NEW DATA
2025-10-21 17:56:34,358 [INFO] ======================================================================
2025-10-21 17:56:34,584 [INFO] ✓ Processing completed: 0 new fights processed
2025-10-21 17:56:34,584 [INFO] 
======================================================================
2025-10-21 17:56:34,584 [INFO] STEP 3: FEATURE ENGINEERING
2025-10-21 17:56:34,584 [INFO] ======================================================================
2025-10-21 17:56:34,584 [INFO] ✓ Feature engineering up to date - skipping
2025-10-21 17:56:34,584 [INFO] 
======================================================================
2025-10-21 17:56:34,584 [INFO] STEP 4: MODEL TRAINING
2025-10-21 17:56:34,584 [INFO] ======================================================================
2025-10-21 17:56:34,584 [INFO] Backing up existing models to saved_models/backup_20251021_175634
2025-10-21 17:56:34,585 [INFO] Training model (this may take several minutes)...
2025-10-21 17:56:59,901 [INFO] ✓ Model training completed - Accuracy: 0.6692
2025-10-21 17:56:59,902 [INFO] 
======================================================================
2025-10-21 17:56:59,902 [INFO] STEP 5: MODEL VALIDATION
2025-10-21 17:56:59,902 [INFO] ======================================================================
2025-10-21 17:56:59,903 [INFO] Model log loss: 0.6494
2025-10-21 17:56:59,910 [INFO] Test accuracy: 0.6692 (2102/3141)
2025-10-21 17:56:59,910 [INFO] ✓ Model validation passed
2025-10-21 17:56:59,910 [INFO] 
======================================================================
2025-10-21 17:56:59,910 [INFO] STEP 5a: SCRAPING BETTING ODDS
2025-10-21 17:56:59,910 [INFO] ======================================================================
2025-10-21 17:56:59,910 [INFO] Running odds scraper...
2025-10-21 17:57:31,393 [INFO] ✓ Odds scraping completed successfully
2025-10-21 17:57:31,394 [INFO] 
======================================================================
2025-10-21 17:57:31,395 [INFO] STEP 5b: BACKTESTING MODEL PERFORMANCE
2025-10-21 17:57:31,395 [INFO] ======================================================================
2025-10-21 17:57:31,395 [INFO] Running backtest from 2024-10-21 to 2025-10-21...
2025-10-21 17:57:38,429 [INFO] ✓ Backtesting completed (no results available)
2025-10-21 17:57:38,430 [INFO] 
======================================================================
2025-10-21 17:57:38,430 [INFO] STEP 6: NOTIFICATION
2025-10-21 17:57:38,430 [INFO] ======================================================================
2025-10-21 17:57:38,430 [INFO] ✓ Auto-retraining success: Successfully retrained model with 0 new fights (Accuracy: 0.6692)
2025-10-21 17:57:38,430 [INFO] Log file: logs/auto_retrain_20251021_175632.log
2025-10-21 17:57:38,430 [INFO] 
╔====================================================================╗
2025-10-21 17:57:38,430 [INFO] ║                  AUTO-RETRAIN COMPLETED SUCCESSFULLY               ║
2025-10-21 17:57:38,430 [INFO] ║                    Finished: 2025-10-21 17:57:38                    ║
2025-10-21 17:57:38,430 [INFO] ╚====================================================================╝

