2025-12-15 02:00:03,414 [INFO] ╔====================================================================╗
2025-12-15 02:00:03,415 [INFO] ║               UFC FIGHT PREDICTOR AUTO-RETRAIN                     ║
2025-12-15 02:00:03,415 [INFO] ║                    Started: 2025-12-15 02:00:03                     ║
2025-12-15 02:00:03,415 [INFO] ╚====================================================================╝
2025-12-15 02:00:03,415 [INFO] ======================================================================
2025-12-15 02:00:03,415 [INFO] STEP 1: SCRAPING NEW FIGHTS
2025-12-15 02:00:03,415 [INFO] ======================================================================
2025-12-15 02:00:09,716 [INFO] ✓ Scraping completed: 13 new fights added
2025-12-15 02:00:09,717 [INFO] 
======================================================================
2025-12-15 02:00:09,717 [INFO] STEP 2: PROCESSING NEW DATA
2025-12-15 02:00:09,717 [INFO] ======================================================================
2025-12-15 02:00:10,419 [INFO] ✓ Processing completed: 18 new fights processed
2025-12-15 02:00:10,420 [INFO] 
======================================================================
2025-12-15 02:00:10,420 [INFO] STEP 3: FEATURE ENGINEERING
2025-12-15 02:00:10,420 [INFO] ======================================================================
2025-12-15 02:00:10,420 [INFO] Force feature engineering enabled
2025-12-15 02:00:10,420 [INFO] Running full feature engineering (process_fights_alpha.py)
2025-12-15 02:00:23,038 [INFO] ✓ Feature engineering completed
2025-12-15 02:00:23,040 [INFO] 
======================================================================
2025-12-15 02:00:23,040 [INFO] STEP 4: MODEL TRAINING
2025-12-15 02:00:23,040 [INFO] ======================================================================
2025-12-15 02:00:23,041 [INFO] Backing up existing models to saved_models/backup_20251215_020023
2025-12-15 02:00:23,041 [INFO] Training model (this may take several minutes)...
2025-12-15 02:01:10,519 [INFO] ✓ Model training completed - Accuracy: 0.6847
2025-12-15 02:01:10,522 [INFO] 
======================================================================
2025-12-15 02:01:10,522 [INFO] STEP 5: MODEL VALIDATION
2025-12-15 02:01:10,522 [INFO] ======================================================================
2025-12-15 02:01:10,523 [INFO] Model log loss: 0.6573
2025-12-15 02:01:10,540 [INFO] Test accuracy: 0.6847 (2211/3229)
2025-12-15 02:01:10,540 [INFO] ✓ Model validation passed
2025-12-15 02:01:10,540 [INFO] 
======================================================================
2025-12-15 02:01:10,541 [INFO] STEP 5a: SCRAPING BETTING ODDS
2025-12-15 02:01:10,541 [INFO] ======================================================================
2025-12-15 02:01:10,541 [INFO] Running odds scraper...
2025-12-15 02:01:16,198 [INFO] ✓ Odds scraping completed successfully
2025-12-15 02:01:16,199 [INFO] 
======================================================================
2025-12-15 02:01:16,199 [INFO] STEP 5b: BACKTESTING MODEL PERFORMANCE
2025-12-15 02:01:16,199 [INFO] ======================================================================
2025-12-15 02:01:16,199 [INFO] Running backtest from 2024-12-15 to 2025-12-15...
2025-12-15 02:01:28,565 [INFO] ✓ Backtesting completed
2025-12-15 02:01:28,567 [INFO]   Starting bankroll: $1000
2025-12-15 02:01:28,567 [INFO]   Final bankroll: $3438.68
2025-12-15 02:01:28,567 [INFO]   Profit: +243.87%
2025-12-15 02:01:28,567 [INFO] 
======================================================================
2025-12-15 02:01:28,567 [INFO] STEP 6: NOTIFICATION
2025-12-15 02:01:28,567 [INFO] ======================================================================
2025-12-15 02:01:28,568 [INFO] ✓ Auto-retraining success: Successfully retrained model with 13 new fights (Accuracy: 0.6847), Backtest profit: +243.87%
2025-12-15 02:01:28,568 [INFO] Log file: logs/auto_retrain_20251215_020003.log
2025-12-15 02:01:28,568 [INFO] 
╔====================================================================╗
2025-12-15 02:01:28,568 [INFO] ║                  AUTO-RETRAIN COMPLETED SUCCESSFULLY               ║
2025-12-15 02:01:28,568 [INFO] ║                    Finished: 2025-12-15 02:01:28                    ║
2025-12-15 02:01:28,568 [INFO] ╚====================================================================╝

