2025-10-21 11:32:38,071 [INFO] ╔====================================================================╗
2025-10-21 11:32:38,071 [INFO] ║               UFC FIGHT PREDICTOR AUTO-RETRAIN                     ║
2025-10-21 11:32:38,071 [INFO] ║                    Started: 2025-10-21 11:32:38                     ║
2025-10-21 11:32:38,071 [INFO] ╚====================================================================╝
2025-10-21 11:32:38,071 [INFO] ======================================================================
2025-10-21 11:32:38,071 [INFO] STEP 1: SCRAPING NEW FIGHTS
2025-10-21 11:32:38,071 [INFO] ======================================================================
2025-10-21 11:32:54,387 [INFO] ✓ Scraping completed: 13 new fights added
2025-10-21 11:32:54,387 [INFO] 
======================================================================
2025-10-21 11:32:54,387 [INFO] STEP 2: PROCESSING NEW DATA
2025-10-21 11:32:54,387 [INFO] ======================================================================
2025-10-21 11:32:54,599 [INFO] ✓ Processing completed: 10 new fights processed
2025-10-21 11:32:54,599 [INFO] 
======================================================================
2025-10-21 11:32:54,599 [INFO] STEP 3: FEATURE ENGINEERING
2025-10-21 11:32:54,599 [INFO] ======================================================================
2025-10-21 11:32:54,599 [INFO] Running full feature engineering (process_fights_alpha.py)
2025-10-21 11:33:00,593 [INFO] ✓ Feature engineering completed
2025-10-21 11:33:00,593 [INFO] 
======================================================================
2025-10-21 11:33:00,593 [INFO] STEP 4: MODEL TRAINING
2025-10-21 11:33:00,593 [INFO] ======================================================================
2025-10-21 11:33:00,593 [INFO] Backing up existing models to saved_models/backup_20251021_113300
2025-10-21 11:33:00,594 [INFO] Training model (this may take several minutes)...
2025-10-21 11:33:12,439 [INFO] ✓ Model training completed - Accuracy: 0.6832
2025-10-21 11:33:12,439 [INFO] 
======================================================================
2025-10-21 11:33:12,439 [INFO] STEP 5: MODEL VALIDATION
2025-10-21 11:33:12,439 [INFO] ======================================================================
2025-10-21 11:33:12,439 [INFO] Model log loss: 0.6496
2025-10-21 11:33:12,444 [INFO] Test accuracy: 0.6832 (2146/3141)
2025-10-21 11:33:12,444 [INFO] ✓ Model validation passed
2025-10-21 11:33:12,444 [INFO] 
======================================================================
2025-10-21 11:33:12,445 [INFO] STEP 5a: SCRAPING BETTING ODDS
2025-10-21 11:33:12,445 [INFO] ======================================================================
2025-10-21 11:33:12,445 [INFO] Running odds scraper...
2025-10-21 11:33:40,153 [INFO] ✓ Odds scraping completed successfully
2025-10-21 11:33:40,153 [INFO] 
======================================================================
2025-10-21 11:33:40,153 [INFO] STEP 5b: BACKTESTING MODEL PERFORMANCE
2025-10-21 11:33:40,153 [INFO] ======================================================================
2025-10-21 11:33:40,153 [INFO] Running backtest from 2024-10-21 to 2025-10-21...
2025-10-21 11:33:42,360 [WARNING] ⚠ Backtesting failed with exit code 1
2025-10-21 11:33:42,360 [WARNING] Error: Traceback (most recent call last):
  File "/Users/aalex_xuu/Desktop/UFCFightPredictor/testing/testing_time_period.py", line 10, in <module>
    from testing.ml_alpha_testing import main
ModuleNotFound
2025-10-21 11:33:42,360 [INFO] 
======================================================================
2025-10-21 11:33:42,360 [INFO] STEP 6: NOTIFICATION
2025-10-21 11:33:42,360 [INFO] ======================================================================
2025-10-21 11:33:42,360 [INFO] ✓ Auto-retraining success: Successfully retrained model with 13 new fights (Accuracy: 0.6832)
2025-10-21 11:33:42,360 [INFO] Log file: logs/auto_retrain_20251021_113238.log
2025-10-21 11:33:42,360 [INFO] 
╔====================================================================╗
2025-10-21 11:33:42,361 [INFO] ║                  AUTO-RETRAIN COMPLETED SUCCESSFULLY               ║
2025-10-21 11:33:42,361 [INFO] ║                    Finished: 2025-10-21 11:33:42                    ║
2025-10-21 11:33:42,361 [INFO] ╚====================================================================╝

