2025-10-27 02:00:03,261 [INFO] ╔====================================================================╗
2025-10-27 02:00:03,262 [INFO] ║               UFC FIGHT PREDICTOR AUTO-RETRAIN                     ║
2025-10-27 02:00:03,262 [INFO] ║                    Started: 2025-10-27 02:00:03                     ║
2025-10-27 02:00:03,262 [INFO] ╚====================================================================╝
2025-10-27 02:00:03,262 [INFO] ======================================================================
2025-10-27 02:00:03,262 [INFO] STEP 1: SCRAPING NEW FIGHTS
2025-10-27 02:00:03,262 [INFO] ======================================================================
2025-10-27 02:00:03,266 [INFO] ╔====================================================================╗
2025-10-27 02:00:03,266 [INFO] ║               UFC FIGHT PREDICTOR AUTO-RETRAIN                     ║
2025-10-27 02:00:03,266 [INFO] ║                    Started: 2025-10-27 02:00:03                     ║
2025-10-27 02:00:03,266 [INFO] ╚====================================================================╝
2025-10-27 02:00:03,266 [INFO] ======================================================================
2025-10-27 02:00:03,266 [INFO] STEP 1: SCRAPING NEW FIGHTS
2025-10-27 02:00:03,266 [INFO] ======================================================================
2025-10-27 02:00:05,206 [INFO] ✓ Scraping completed: 14 new fights added
2025-10-27 02:00:05,207 [INFO] 
======================================================================
2025-10-27 02:00:05,207 [INFO] STEP 2: PROCESSING NEW DATA
2025-10-27 02:00:05,207 [INFO] ======================================================================
2025-10-27 02:00:05,313 [INFO] ✓ Scraping completed: 14 new fights added
2025-10-27 02:00:05,313 [INFO] 
======================================================================
2025-10-27 02:00:05,313 [INFO] STEP 2: PROCESSING NEW DATA
2025-10-27 02:00:05,313 [INFO] ======================================================================
2025-10-27 02:00:05,396 [INFO] ✓ Processing completed: 22 new fights processed
2025-10-27 02:00:05,396 [INFO] 
======================================================================
2025-10-27 02:00:05,396 [INFO] STEP 3: FEATURE ENGINEERING
2025-10-27 02:00:05,396 [INFO] ======================================================================
2025-10-27 02:00:05,396 [INFO] Force feature engineering enabled
2025-10-27 02:00:05,396 [INFO] Running full feature engineering (process_fights_alpha.py)
2025-10-27 02:00:05,730 [INFO] ✓ Processing completed: 22 new fights processed
2025-10-27 02:00:05,730 [INFO] 
======================================================================
2025-10-27 02:00:05,730 [INFO] STEP 3: FEATURE ENGINEERING
2025-10-27 02:00:05,730 [INFO] ======================================================================
2025-10-27 02:00:05,730 [INFO] Force feature engineering enabled
2025-10-27 02:00:05,730 [INFO] Running full feature engineering (process_fights_alpha.py)
2025-10-27 02:00:11,461 [INFO] ✓ Feature engineering completed
2025-10-27 02:00:11,462 [INFO] 
======================================================================
2025-10-27 02:00:11,462 [INFO] STEP 4: MODEL TRAINING
2025-10-27 02:00:11,462 [INFO] ======================================================================
2025-10-27 02:00:11,462 [INFO] Backing up existing models to saved_models/backup_20251027_020011
2025-10-27 02:00:11,463 [INFO] Training model (this may take several minutes)...
2025-10-27 02:00:11,466 [ERROR] ✗ Model training failed: [Errno 2] No such file or directory: 'python'
2025-10-27 02:00:11,467 [ERROR] 

FATAL ERROR: [Errno 2] No such file or directory: 'python'
Traceback (most recent call last):
  File "/Users/aalex_xuu/Desktop/UFCFightPredictor/auto_retrain.py", line 487, in main
    accuracy = run_model_training()
               ^^^^^^^^^^^^^^^^^^^^
  File "/Users/aalex_xuu/Desktop/UFCFightPredictor/auto_retrain.py", line 203, in run_model_training
    result = subprocess.run(
             ^^^^^^^^^^^^^^^
  File "/Library/Frameworks/Python.framework/Versions/3.11/lib/python3.11/subprocess.py", line 548, in run
    with Popen(*popenargs, **kwargs) as process:
         ^^^^^^^^^^^^^^^^^^^^^^^^^^^
  File "/Library/Frameworks/Python.framework/Versions/3.11/lib/python3.11/subprocess.py", line 1026, in __init__
    self._execute_child(args, executable, preexec_fn, close_fds,
  File "/Library/Frameworks/Python.framework/Versions/3.11/lib/python3.11/subprocess.py", line 1950, in _execute_child
    raise child_exception_type(errno_num, err_msg, err_filename)
FileNotFoundError: [Errno 2] No such file or directory: 'python'
2025-10-27 02:00:11,469 [INFO] 
======================================================================
2025-10-27 02:00:11,469 [INFO] STEP 6: NOTIFICATION
2025-10-27 02:00:11,469 [INFO] ======================================================================
2025-10-27 02:00:11,469 [INFO] ✗ Auto-retraining failure: [Errno 2] No such file or directory: 'python'
2025-10-27 02:00:11,469 [INFO] Log file: logs/auto_retrain_20251027_020003.log
2025-10-27 02:00:16,079 [INFO] ✓ Feature engineering completed
2025-10-27 02:00:16,081 [INFO] 
======================================================================
2025-10-27 02:00:16,081 [INFO] STEP 4: MODEL TRAINING
2025-10-27 02:00:16,081 [INFO] ======================================================================
2025-10-27 02:00:16,082 [INFO] Backing up existing models to saved_models/backup_20251027_020016
2025-10-27 02:00:16,082 [INFO] Training model (this may take several minutes)...
2025-10-27 02:00:16,090 [ERROR] ✗ Model training failed: [Errno 2] No such file or directory: 'python'
2025-10-27 02:00:16,090 [ERROR] 

FATAL ERROR: [Errno 2] No such file or directory: 'python'
Traceback (most recent call last):
  File "/Users/aalex_xuu/Desktop/UFCFightPredictor/auto_retrain.py", line 487, in main
    accuracy = run_model_training()
               ^^^^^^^^^^^^^^^^^^^^
  File "/Users/aalex_xuu/Desktop/UFCFightPredictor/auto_retrain.py", line 203, in run_model_training
    result = subprocess.run(
             ^^^^^^^^^^^^^^^
  File "/Library/Frameworks/Python.framework/Versions/3.11/lib/python3.11/subprocess.py", line 548, in run
    with Popen(*popenargs, **kwargs) as process:
         ^^^^^^^^^^^^^^^^^^^^^^^^^^^
  File "/Library/Frameworks/Python.framework/Versions/3.11/lib/python3.11/subprocess.py", line 1026, in __init__
    self._execute_child(args, executable, preexec_fn, close_fds,
  File "/Library/Frameworks/Python.framework/Versions/3.11/lib/python3.11/subprocess.py", line 1950, in _execute_child
    raise child_exception_type(errno_num, err_msg, err_filename)
FileNotFoundError: [Errno 2] No such file or directory: 'python'
2025-10-27 02:00:16,094 [INFO] 
======================================================================
2025-10-27 02:00:16,094 [INFO] STEP 6: NOTIFICATION
2025-10-27 02:00:16,094 [INFO] ======================================================================
2025-10-27 02:00:16,094 [INFO] ✗ Auto-retraining failure: [Errno 2] No such file or directory: 'python'
2025-10-27 02:00:16,094 [INFO] Log file: logs/auto_retrain_20251027_020003.log
