2026-01-12 02:00:01,698 [INFO] ╔====================================================================╗
2026-01-12 02:00:01,698 [INFO] ║               UFC FIGHT PREDICTOR AUTO-RETRAIN                     ║
2026-01-12 02:00:01,698 [INFO] ║                    Started: 2026-01-12 02:00:01                     ║
2026-01-12 02:00:01,698 [INFO] ╚====================================================================╝
2026-01-12 02:00:01,698 [INFO] ======================================================================
2026-01-12 02:00:01,698 [INFO] STEP 1: SCRAPING NEW FIGHTS
2026-01-12 02:00:01,698 [INFO] ======================================================================
2026-01-12 02:00:01,703 [INFO] ╔====================================================================╗
2026-01-12 02:00:01,703 [INFO] ║               UFC FIGHT PREDICTOR AUTO-RETRAIN                     ║
2026-01-12 02:00:01,703 [INFO] ║                    Started: 2026-01-12 02:00:01                     ║
2026-01-12 02:00:01,703 [INFO] ╚====================================================================╝
2026-01-12 02:00:01,703 [INFO] ======================================================================
2026-01-12 02:00:01,703 [INFO] STEP 1: SCRAPING NEW FIGHTS
2026-01-12 02:00:01,703 [INFO] ======================================================================
2026-01-12 02:00:02,547 [INFO] ✓ Scraping completed: 0 new fights added
2026-01-12 02:00:02,547 [INFO] 
======================================================================
2026-01-12 02:00:02,547 [INFO] NO NEW FIGHTS - Skipping remaining steps
2026-01-12 02:00:02,547 [INFO] ======================================================================
2026-01-12 02:00:02,547 [INFO] 
======================================================================
2026-01-12 02:00:02,547 [INFO] STEP 6: NOTIFICATION
2026-01-12 02:00:02,547 [INFO] ======================================================================
2026-01-12 02:00:02,547 [INFO] ✓ Auto-retraining success: No new fights to process
2026-01-12 02:00:02,547 [INFO] Log file: logs/auto_retrain_20260112_020001.log
2026-01-12 02:00:02,665 [INFO] ✓ Scraping completed: 0 new fights added
2026-01-12 02:00:02,665 [INFO] 
======================================================================
2026-01-12 02:00:02,665 [INFO] NO NEW FIGHTS - Skipping remaining steps
2026-01-12 02:00:02,665 [INFO] ======================================================================
2026-01-12 02:00:02,665 [INFO] 
======================================================================
2026-01-12 02:00:02,665 [INFO] STEP 6: NOTIFICATION
2026-01-12 02:00:02,665 [INFO] ======================================================================
2026-01-12 02:00:02,665 [INFO] ✓ Auto-retraining success: No new fights to process
2026-01-12 02:00:02,665 [INFO] Log file: logs/auto_retrain_20260112_020001.log
