2025-12-15 02:00:05,670 [INFO] ╔====================================================================╗
2025-12-15 02:00:05,671 [INFO] ║               UFC FIGHT PREDICTOR AUTO-RETRAIN                     ║
2025-12-15 02:00:05,671 [INFO] ║                    Started: 2025-12-15 02:00:05                     ║
2025-12-15 02:00:05,671 [INFO] ╚====================================================================╝
2025-12-15 02:00:05,671 [INFO] ======================================================================
2025-12-15 02:00:05,671 [INFO] STEP 1: SCRAPING NEW FIGHTS
2025-12-15 02:00:05,671 [INFO] ======================================================================
2025-12-15 02:00:09,724 [INFO] ✓ Scraping completed: 13 new fights added
2025-12-15 02:00:09,725 [INFO] 
======================================================================
2025-12-15 02:00:09,725 [INFO] STEP 2: PROCESSING NEW DATA
2025-12-15 02:00:09,725 [INFO] ======================================================================
2025-12-15 02:00:09,995 [INFO] ✓ Processing completed: 18 new fights processed
2025-12-15 02:00:09,995 [INFO] 
======================================================================
2025-12-15 02:00:09,995 [INFO] STEP 3: FEATURE ENGINEERING
2025-12-15 02:00:09,995 [INFO] ======================================================================
2025-12-15 02:00:09,995 [INFO] Force feature engineering enabled
2025-12-15 02:00:09,995 [INFO] Running full feature engineering (process_fights_alpha.py)
2025-12-15 02:00:16,829 [INFO] ✓ Feature engineering completed
2025-12-15 02:00:16,830 [INFO] 
======================================================================
2025-12-15 02:00:16,830 [INFO] STEP 4: MODEL TRAINING
2025-12-15 02:00:16,830 [INFO] ======================================================================
2025-12-15 02:00:16,831 [INFO] Backing up existing models to saved_models/backup_20251215_020016
2025-12-15 02:00:16,831 [INFO] Training model (this may take several minutes)...
2025-12-15 02:00:45,375 [INFO] ✓ Model training completed - Accuracy: 0.6754
2025-12-15 02:00:45,376 [INFO] 
======================================================================
2025-12-15 02:00:45,376 [INFO] STEP 5: MODEL VALIDATION
2025-12-15 02:00:45,376 [INFO] ======================================================================
2025-12-15 02:00:45,376 [INFO] Model log loss: 0.6522
2025-12-15 02:00:45,384 [INFO] Test accuracy: 0.6754 (2181/3229)
2025-12-15 02:00:45,385 [INFO] ✓ Model validation passed
2025-12-15 02:00:45,385 [INFO] 
======================================================================
2025-12-15 02:00:45,385 [INFO] STEP 5a: SCRAPING BETTING ODDS
2025-12-15 02:00:45,385 [INFO] ======================================================================
2025-12-15 02:00:45,385 [INFO] Running odds scraper...
2025-12-15 02:01:16,061 [INFO] ✓ Odds scraping completed successfully
2025-12-15 02:01:16,062 [INFO] 
======================================================================
2025-12-15 02:01:16,063 [INFO] STEP 5b: BACKTESTING MODEL PERFORMANCE
2025-12-15 02:01:16,063 [INFO] ======================================================================
2025-12-15 02:01:16,063 [INFO] Running backtest from 2024-12-15 to 2025-12-15...
2025-12-15 02:01:23,379 [INFO] ✓ Backtesting completed
2025-12-15 02:01:23,380 [INFO]   Starting bankroll: $1000
2025-12-15 02:01:23,380 [INFO]   Final bankroll: $3438.68
2025-12-15 02:01:23,380 [INFO]   Profit: +243.87%
2025-12-15 02:01:23,380 [INFO] 
======================================================================
2025-12-15 02:01:23,380 [INFO] STEP 6: NOTIFICATION
2025-12-15 02:01:23,381 [INFO] ======================================================================
2025-12-15 02:01:23,381 [INFO] ✓ Auto-retraining success: Successfully retrained model with 13 new fights (Accuracy: 0.6754), Backtest profit: +243.87%
2025-12-15 02:01:23,381 [INFO] Log file: logs/auto_retrain_20251215_020005.log
2025-12-15 02:01:23,381 [INFO] 
╔====================================================================╗
2025-12-15 02:01:23,381 [INFO] ║                  AUTO-RETRAIN COMPLETED SUCCESSFULLY               ║
2025-12-15 02:01:23,381 [INFO] ║                    Finished: 2025-12-15 02:01:23                    ║
2025-12-15 02:01:23,381 [INFO] ╚====================================================================╝

