2025-12-05 02:00:02,459 [INFO] ╔====================================================================╗
2025-12-05 02:00:02,460 [INFO] ║               UFC FIGHT PREDICTOR AUTO-RETRAIN                     ║
2025-12-05 02:00:02,460 [INFO] ║                    Started: 2025-12-05 02:00:02                     ║
2025-12-05 02:00:02,460 [INFO] ╚====================================================================╝
2025-12-05 02:00:02,460 [INFO] ======================================================================
2025-12-05 02:00:02,460 [INFO] STEP 1: SCRAPING NEW FIGHTS
2025-12-05 02:00:02,460 [INFO] ======================================================================
2025-12-05 02:00:02,466 [INFO] ╔====================================================================╗
2025-12-05 02:00:02,466 [INFO] ║               UFC FIGHT PREDICTOR AUTO-RETRAIN                     ║
2025-12-05 02:00:02,466 [INFO] ║                    Started: 2025-12-05 02:00:02                     ║
2025-12-05 02:00:02,466 [INFO] ╚====================================================================╝
2025-12-05 02:00:02,466 [INFO] ======================================================================
2025-12-05 02:00:02,467 [INFO] STEP 1: SCRAPING NEW FIGHTS
2025-12-05 02:00:02,467 [INFO] ======================================================================
2025-12-05 02:00:03,442 [INFO] ✓ Scraping completed: 0 new fights added
2025-12-05 02:00:03,443 [INFO] 
======================================================================
2025-12-05 02:00:03,443 [INFO] NO NEW FIGHTS - Skipping remaining steps
2025-12-05 02:00:03,443 [INFO] ======================================================================
2025-12-05 02:00:03,443 [INFO] 
======================================================================
2025-12-05 02:00:03,443 [INFO] STEP 6: NOTIFICATION
2025-12-05 02:00:03,443 [INFO] ======================================================================
2025-12-05 02:00:03,443 [INFO] ✓ Auto-retraining success: No new fights to process
2025-12-05 02:00:03,443 [INFO] Log file: logs/auto_retrain_20251205_020002.log
2025-12-05 02:00:03,517 [INFO] ✓ Scraping completed: 0 new fights added
2025-12-05 02:00:03,517 [INFO] 
======================================================================
2025-12-05 02:00:03,517 [INFO] NO NEW FIGHTS - Skipping remaining steps
2025-12-05 02:00:03,517 [INFO] ======================================================================
2025-12-05 02:00:03,517 [INFO] 
======================================================================
2025-12-05 02:00:03,517 [INFO] STEP 6: NOTIFICATION
2025-12-05 02:00:03,517 [INFO] ======================================================================
2025-12-05 02:00:03,517 [INFO] ✓ Auto-retraining success: No new fights to process
2025-12-05 02:00:03,517 [INFO] Log file: logs/auto_retrain_20251205_020002.log
