2025-10-17 21:14:47,685 [INFO] ╔====================================================================╗
2025-10-17 21:14:47,685 [INFO] ║               UFC FIGHT PREDICTOR AUTO-RETRAIN                     ║
2025-10-17 21:14:47,685 [INFO] ║                    Started: 2025-10-17 21:14:47                     ║
2025-10-17 21:14:47,685 [INFO] ╚====================================================================╝
2025-10-17 21:14:47,685 [INFO] Skipping scraping step (--skip-scrape)
2025-10-17 21:14:47,685 [INFO] Force processing enabled - will process even without new scrapes
2025-10-17 21:14:47,685 [INFO] 
======================================================================
2025-10-17 21:14:47,685 [INFO] STEP 2: PROCESSING NEW DATA
2025-10-17 21:14:47,685 [INFO] ======================================================================
2025-10-17 21:14:47,958 [INFO] ✓ Processing completed: 782 new fights processed
2025-10-17 21:14:47,958 [INFO] 
======================================================================
2025-10-17 21:14:47,958 [INFO] STEP 3: FEATURE ENGINEERING
2025-10-17 21:14:47,958 [INFO] ======================================================================
2025-10-17 21:14:47,958 [INFO] Running full feature engineering (process_fights_alpha.py)
2025-10-17 21:14:48,015 [ERROR] ✗ Feature engineering failed: cannot import name '_plain_int' from 'werkzeug._internal' (/Users/aalex_xuu/anaconda3/lib/python3.11/site-packages/werkzeug/_internal.py)
2025-10-17 21:14:48,015 [ERROR] You may need to run process_fights_alpha.py manually
2025-10-17 21:14:48,015 [ERROR] 

FATAL ERROR: cannot import name '_plain_int' from 'werkzeug._internal' (/Users/aalex_xuu/anaconda3/lib/python3.11/site-packages/werkzeug/_internal.py)
Traceback (most recent call last):
  File "/Users/aalex_xuu/Desktop/UFCFightPredictor/auto_retrain.py", line 343, in main
    run_feature_engineering()
  File "/Users/aalex_xuu/Desktop/UFCFightPredictor/auto_retrain.py", line 127, in run_feature_engineering
    from process_fights_alpha import main as process_main
  File "/Users/aalex_xuu/Desktop/UFCFightPredictor/process_fights_alpha.py", line 3, in <module>
    from flask import Flask
  File "/Users/aalex_xuu/anaconda3/lib/python3.11/site-packages/flask/__init__.py", line 4, in <module>
    from . import json as json
  File "/Users/aalex_xuu/anaconda3/lib/python3.11/site-packages/flask/json/__init__.py", line 8, in <module>
    from ..globals import current_app
  File "/Users/aalex_xuu/anaconda3/lib/python3.11/site-packages/flask/globals.py", line 4, in <module>
    from werkzeug.local import LocalProxy
  File "/Users/aalex_xuu/anaconda3/lib/python3.11/site-packages/werkzeug/__init__.py", line 2, in <module>
    from .test import Client as Client
  File "/Users/aalex_xuu/anaconda3/lib/python3.11/site-packages/werkzeug/test.py", line 19, in <module>
    from .datastructures import Authorization
  File "/Users/aalex_xuu/anaconda3/lib/python3.11/site-packages/werkzeug/datastructures/__init__.py", line 11, in <module>
    from .file_storage import FileMultiDict as FileMultiDict
  File "/Users/aalex_xuu/anaconda3/lib/python3.11/site-packages/werkzeug/datastructures/file_storage.py", line 8, in <module>
    from .._internal import _plain_int
ImportError: cannot import name '_plain_int' from 'werkzeug._internal' (/Users/aalex_xuu/anaconda3/lib/python3.11/site-packages/werkzeug/_internal.py)
2025-10-17 21:14:48,017 [INFO] 
======================================================================
2025-10-17 21:14:48,018 [INFO] STEP 6: NOTIFICATION
2025-10-17 21:14:48,018 [INFO] ======================================================================
2025-10-17 21:14:48,018 [INFO] ✗ Auto-retraining failure: cannot import name '_plain_int' from 'werkzeug._internal' (/Users/aalex_xuu/anaconda3/lib/python3.11/site-packages/werkzeug/_internal.py)
2025-10-17 21:14:48,018 [INFO] Log file: logs/auto_retrain_20251017_211447.log
