2025-10-17 23:31:38,968 [INFO] ╔====================================================================╗
2025-10-17 23:31:38,968 [INFO] ║               UFC FIGHT PREDICTOR AUTO-RETRAIN                     ║
2025-10-17 23:31:38,969 [INFO] ║                    Started: 2025-10-17 23:31:38                     ║
2025-10-17 23:31:38,969 [INFO] ╚====================================================================╝
2025-10-17 23:31:38,969 [INFO] ======================================================================
2025-10-17 23:31:38,969 [INFO] STEP 1: SCRAPING NEW FIGHTS
2025-10-17 23:31:38,969 [INFO] ======================================================================
2025-10-17 23:31:39,628 [INFO] ✓ Scraping completed: 0 new fights added
2025-10-17 23:31:39,628 [INFO] Force processing enabled - will process even without new scrapes
2025-10-17 23:31:39,628 [INFO] 
======================================================================
2025-10-17 23:31:39,628 [INFO] STEP 2: PROCESSING NEW DATA
2025-10-17 23:31:39,629 [INFO] ======================================================================
2025-10-17 23:31:39,821 [INFO] ✓ Processing completed: 0 new fights processed
2025-10-17 23:31:39,821 [INFO] 
======================================================================
2025-10-17 23:31:39,821 [INFO] STEP 3: FEATURE ENGINEERING
2025-10-17 23:31:39,821 [INFO] ======================================================================
2025-10-17 23:31:39,821 [INFO] ✓ Feature engineering up to date - skipping
2025-10-17 23:31:39,821 [INFO] 
======================================================================
2025-10-17 23:31:39,821 [INFO] STEP 4: MODEL TRAINING
2025-10-17 23:31:39,822 [INFO] ======================================================================
2025-10-17 23:31:39,822 [INFO] Backing up existing models to saved_models/backup_20251017_233139
2025-10-17 23:31:39,822 [INFO] Training model (this may take several minutes)...
2025-10-17 23:32:11,463 [INFO] ✓ Model training completed - Accuracy: 0.6797
2025-10-17 23:32:11,466 [INFO] 
======================================================================
2025-10-17 23:32:11,466 [INFO] STEP 5: MODEL VALIDATION
2025-10-17 23:32:11,466 [INFO] ======================================================================
2025-10-17 23:32:11,468 [INFO] Model log loss: 0.6502
2025-10-17 23:32:11,490 [INFO] Test accuracy: 0.6797 (2131/3135)
2025-10-17 23:32:11,490 [INFO] ✓ Model validation passed
2025-10-17 23:32:11,490 [INFO] 
======================================================================
2025-10-17 23:32:11,490 [INFO] STEP 5a: SCRAPING BETTING ODDS
2025-10-17 23:32:11,490 [INFO] ======================================================================
2025-10-17 23:32:11,490 [INFO] Running odds scraper...
2025-10-17 23:32:17,020 [INFO] ✓ Odds scraping completed successfully
2025-10-17 23:32:17,021 [INFO] 
======================================================================
2025-10-17 23:32:17,021 [INFO] STEP 5b: BACKTESTING MODEL PERFORMANCE
2025-10-17 23:32:17,021 [INFO] ======================================================================
2025-10-17 23:32:17,021 [INFO] Running backtest from 2024-10-17 to 2025-10-17...
2025-10-17 23:32:25,049 [INFO] ✓ Backtesting completed
2025-10-17 23:32:25,050 [INFO]   Starting bankroll: $1000
2025-10-17 23:32:25,050 [INFO]   Final bankroll: $38.00
2025-10-17 23:32:25,050 [INFO]   Profit: -96.20%
2025-10-17 23:32:25,050 [INFO] 
======================================================================
2025-10-17 23:32:25,050 [INFO] STEP 6: NOTIFICATION
2025-10-17 23:32:25,050 [INFO] ======================================================================
2025-10-17 23:32:25,050 [INFO] ✓ Auto-retraining success: Successfully retrained model with 0 new fights (Accuracy: 0.6797), Backtest profit: -96.20%
2025-10-17 23:32:25,050 [INFO] Log file: logs/auto_retrain_20251017_233138.log
2025-10-17 23:32:25,050 [INFO] 
╔====================================================================╗
2025-10-17 23:32:25,050 [INFO] ║                  AUTO-RETRAIN COMPLETED SUCCESSFULLY               ║
2025-10-17 23:32:25,050 [INFO] ║                    Finished: 2025-10-17 23:32:25                    ║
2025-10-17 23:32:25,050 [INFO] ╚====================================================================╝

