2025-11-19 23:53:14,938 [INFO] ╔====================================================================╗
2025-11-19 23:53:14,938 [INFO] ║               UFC FIGHT PREDICTOR AUTO-RETRAIN                     ║
2025-11-19 23:53:14,938 [INFO] ║                    Started: 2025-11-19 23:53:14                     ║
2025-11-19 23:53:14,939 [INFO] ╚====================================================================╝
2025-11-19 23:53:14,939 [INFO] ======================================================================
2025-11-19 23:53:14,939 [INFO] STEP 1: SCRAPING NEW FIGHTS
2025-11-19 23:53:14,939 [INFO] ======================================================================
2025-11-19 23:53:15,550 [INFO] ✓ Scraping completed: 0 new fights added
2025-11-19 23:53:15,550 [INFO] Force processing enabled - will process even without new scrapes
2025-11-19 23:53:15,550 [INFO] 
======================================================================
2025-11-19 23:53:15,550 [INFO] STEP 2: PROCESSING NEW DATA
2025-11-19 23:53:15,550 [INFO] ======================================================================
2025-11-19 23:53:15,746 [INFO] ✓ Processing completed: 0 new fights processed
2025-11-19 23:53:15,746 [INFO] 
======================================================================
2025-11-19 23:53:15,746 [INFO] STEP 3: FEATURE ENGINEERING
2025-11-19 23:53:15,746 [INFO] ======================================================================
2025-11-19 23:53:15,746 [INFO] Force feature engineering enabled
2025-11-19 23:53:15,746 [INFO] Running full feature engineering (process_fights_alpha.py)
2025-11-19 23:53:21,879 [INFO] ✓ Feature engineering completed
2025-11-19 23:53:21,880 [INFO] 
======================================================================
2025-11-19 23:53:21,880 [INFO] STEP 4: MODEL TRAINING
2025-11-19 23:53:21,880 [INFO] ======================================================================
2025-11-19 23:53:21,880 [INFO] Backing up existing models to saved_models/backup_20251119_235321
2025-11-19 23:53:21,881 [INFO] Training model (this may take several minutes)...
2025-11-19 23:53:40,491 [INFO] ✓ Model training completed - Accuracy: 0.6738
2025-11-19 23:53:40,491 [INFO] 
======================================================================
2025-11-19 23:53:40,491 [INFO] STEP 5: MODEL VALIDATION
2025-11-19 23:53:40,491 [INFO] ======================================================================
2025-11-19 23:53:40,492 [INFO] Model log loss: 0.6353
2025-11-19 23:53:40,497 [INFO] Test accuracy: 0.6738 (2150/3191)
2025-11-19 23:53:40,497 [INFO] ✓ Model validation passed
2025-11-19 23:53:40,498 [INFO] 
======================================================================
2025-11-19 23:53:40,498 [INFO] STEP 5a: SCRAPING BETTING ODDS
2025-11-19 23:53:40,498 [INFO] ======================================================================
2025-11-19 23:53:40,498 [INFO] Running odds scraper...
2025-11-19 23:53:42,596 [INFO] ✓ Odds scraping completed successfully
2025-11-19 23:53:42,597 [INFO] 
======================================================================
2025-11-19 23:53:42,597 [INFO] STEP 5b: BACKTESTING MODEL PERFORMANCE
2025-11-19 23:53:42,597 [INFO] ======================================================================
2025-11-19 23:53:42,597 [INFO] Running backtest from 2024-11-19 to 2025-11-19...
2025-11-19 23:53:48,135 [INFO] ✓ Backtesting completed (no results available)
2025-11-19 23:53:48,135 [INFO] 
======================================================================
2025-11-19 23:53:48,135 [INFO] STEP 6: NOTIFICATION
2025-11-19 23:53:48,135 [INFO] ======================================================================
2025-11-19 23:53:48,135 [INFO] ✓ Auto-retraining success: Successfully retrained model with 0 new fights (Accuracy: 0.6738)
2025-11-19 23:53:48,135 [INFO] Log file: logs/auto_retrain_20251119_235314.log
2025-11-19 23:53:48,135 [INFO] 
╔====================================================================╗
2025-11-19 23:53:48,135 [INFO] ║                  AUTO-RETRAIN COMPLETED SUCCESSFULLY               ║
2025-11-19 23:53:48,136 [INFO] ║                    Finished: 2025-11-19 23:53:48                    ║
2025-11-19 23:53:48,136 [INFO] ╚====================================================================╝

