2025-11-13 10:54:41,415 [INFO] ╔====================================================================╗
2025-11-13 10:54:41,415 [INFO] ║               UFC FIGHT PREDICTOR AUTO-RETRAIN                     ║
2025-11-13 10:54:41,415 [INFO] ║                    Started: 2025-11-13 10:54:41                     ║
2025-11-13 10:54:41,415 [INFO] ╚====================================================================╝
2025-11-13 10:54:41,415 [INFO] ======================================================================
2025-11-13 10:54:41,415 [INFO] STEP 1: SCRAPING NEW FIGHTS
2025-11-13 10:54:41,415 [INFO] ======================================================================
2025-11-13 10:54:41,967 [INFO] ✓ Scraping completed: 0 new fights added
2025-11-13 10:54:41,967 [INFO] Force processing enabled - will process even without new scrapes
2025-11-13 10:54:41,967 [INFO] 
======================================================================
2025-11-13 10:54:41,967 [INFO] STEP 2: PROCESSING NEW DATA
2025-11-13 10:54:41,967 [INFO] ======================================================================
2025-11-13 10:54:42,191 [INFO] ✓ Processing completed: 0 new fights processed
2025-11-13 10:54:42,191 [INFO] 
======================================================================
2025-11-13 10:54:42,191 [INFO] STEP 3: FEATURE ENGINEERING
2025-11-13 10:54:42,191 [INFO] ======================================================================
2025-11-13 10:54:42,191 [INFO] Force feature engineering enabled
2025-11-13 10:54:42,191 [INFO] Running full feature engineering (process_fights_alpha.py)
2025-11-13 10:54:49,622 [INFO] ✓ Feature engineering completed
2025-11-13 10:54:49,623 [INFO] 
======================================================================
2025-11-13 10:54:49,623 [INFO] STEP 4: MODEL TRAINING
2025-11-13 10:54:49,623 [INFO] ======================================================================
2025-11-13 10:54:49,623 [INFO] Backing up existing models to saved_models/backup_20251113_105449
2025-11-13 10:54:49,623 [INFO] Training model (this may take several minutes)...
2025-11-13 10:55:23,374 [INFO] ✓ Model training completed - Accuracy: 0.6812
2025-11-13 10:55:23,375 [INFO] 
======================================================================
2025-11-13 10:55:23,375 [INFO] STEP 5: MODEL VALIDATION
2025-11-13 10:55:23,375 [INFO] ======================================================================
2025-11-13 10:55:23,375 [INFO] Model log loss: 0.6494
2025-11-13 10:55:23,382 [INFO] Test accuracy: 0.6812 (2167/3181)
2025-11-13 10:55:23,383 [INFO] ✓ Model validation passed
2025-11-13 10:55:23,383 [INFO] 
======================================================================
2025-11-13 10:55:23,383 [INFO] STEP 5a: SCRAPING BETTING ODDS
2025-11-13 10:55:23,383 [INFO] ======================================================================
2025-11-13 10:55:23,383 [INFO] Running odds scraper...
2025-11-13 10:56:01,388 [INFO] ✓ Odds scraping completed successfully
2025-11-13 10:56:01,388 [INFO] 
======================================================================
2025-11-13 10:56:01,388 [INFO] STEP 5b: BACKTESTING MODEL PERFORMANCE
2025-11-13 10:56:01,388 [INFO] ======================================================================
2025-11-13 10:56:01,388 [INFO] Running backtest from 2024-11-13 to 2025-11-13...
2025-11-13 10:56:08,010 [WARNING] ⚠ Backtesting failed with exit code 1
2025-11-13 10:56:08,010 [WARNING] Error: Traceback (most recent call last):
  File "/Users/aalex_xuu/Desktop/UFCFightPredictor/testing/testing_time_period.py", line 383, in <module>
    process_dates(start_date, end_date, strategy=[0.05, 0.0
2025-11-13 10:56:08,010 [INFO] 
======================================================================
2025-11-13 10:56:08,010 [INFO] STEP 6: NOTIFICATION
2025-11-13 10:56:08,010 [INFO] ======================================================================
2025-11-13 10:56:08,010 [INFO] ✓ Auto-retraining success: Successfully retrained model with 0 new fights (Accuracy: 0.6812)
2025-11-13 10:56:08,010 [INFO] Log file: logs/auto_retrain_20251113_105441.log
2025-11-13 10:56:08,010 [INFO] 
╔====================================================================╗
2025-11-13 10:56:08,010 [INFO] ║                  AUTO-RETRAIN COMPLETED SUCCESSFULLY               ║
2025-11-13 10:56:08,010 [INFO] ║                    Finished: 2025-11-13 10:56:08                    ║
2025-11-13 10:56:08,010 [INFO] ╚====================================================================╝

