2025-12-08 02:34:27,730 [INFO] ╔====================================================================╗
2025-12-08 02:34:27,730 [INFO] ║               UFC FIGHT PREDICTOR AUTO-RETRAIN                     ║
2025-12-08 02:34:27,730 [INFO] ║                    Started: 2025-12-08 02:34:27                     ║
2025-12-08 02:34:27,730 [INFO] ╚====================================================================╝
2025-12-08 02:34:27,730 [INFO] ======================================================================
2025-12-08 02:34:27,730 [INFO] STEP 1: SCRAPING NEW FIGHTS
2025-12-08 02:34:27,730 [INFO] ======================================================================
2025-12-08 03:53:35,144 [INFO] ✓ Scraping completed: 14 new fights added
2025-12-08 03:53:35,145 [INFO] 
======================================================================
2025-12-08 03:53:35,145 [INFO] STEP 2: PROCESSING NEW DATA
2025-12-08 03:53:35,145 [INFO] ======================================================================
2025-12-08 03:53:35,388 [INFO] ✓ Processing completed: 12 new fights processed
2025-12-08 03:53:35,388 [INFO] 
======================================================================
2025-12-08 03:53:35,388 [INFO] STEP 3: FEATURE ENGINEERING
2025-12-08 03:53:35,388 [INFO] ======================================================================
2025-12-08 03:53:35,388 [INFO] Force feature engineering enabled
2025-12-08 03:53:35,388 [INFO] Running full feature engineering (process_fights_alpha.py)
2025-12-08 04:36:34,094 [INFO] ✓ Feature engineering completed
2025-12-08 04:36:34,095 [INFO] 
======================================================================
2025-12-08 04:36:34,095 [INFO] STEP 4: MODEL TRAINING
2025-12-08 04:36:34,095 [INFO] ======================================================================
2025-12-08 04:36:34,095 [INFO] Backing up existing models to saved_models/backup_20251208_043634
2025-12-08 04:36:34,096 [INFO] Training model (this may take several minutes)...
2025-12-08 06:38:33,639 [INFO] ✓ Model training completed - Accuracy: 0.6764
2025-12-08 06:38:33,641 [INFO] 
======================================================================
2025-12-08 06:38:33,641 [INFO] STEP 5: MODEL VALIDATION
2025-12-08 06:38:33,641 [INFO] ======================================================================
2025-12-08 06:38:33,641 [INFO] Model log loss: 0.6530
2025-12-08 06:38:33,650 [INFO] Test accuracy: 0.6764 (2170/3208)
2025-12-08 06:38:33,650 [INFO] ✓ Model validation passed
2025-12-08 06:38:33,650 [INFO] 
======================================================================
2025-12-08 06:38:33,650 [INFO] STEP 5a: SCRAPING BETTING ODDS
2025-12-08 06:38:33,650 [INFO] ======================================================================
2025-12-08 06:38:33,650 [INFO] Running odds scraper...
2025-12-08 10:35:47,940 [WARNING] ⚠ Odds scraping timed out after 10 minutes
2025-12-08 10:35:47,946 [INFO] 
======================================================================
2025-12-08 10:35:47,946 [INFO] STEP 5b: BACKTESTING MODEL PERFORMANCE
2025-12-08 10:35:47,946 [INFO] ======================================================================
2025-12-08 10:35:47,948 [INFO] Running backtest from 2024-12-08 to 2025-12-08...
2025-12-08 10:35:54,413 [INFO] ✓ Backtesting completed
2025-12-08 10:35:54,414 [INFO]   Starting bankroll: $1000
2025-12-08 10:35:54,414 [INFO]   Final bankroll: $2471.71
2025-12-08 10:35:54,414 [INFO]   Profit: +147.17%
2025-12-08 10:35:54,414 [INFO] 
======================================================================
2025-12-08 10:35:54,414 [INFO] STEP 6: NOTIFICATION
2025-12-08 10:35:54,414 [INFO] ======================================================================
2025-12-08 10:35:54,414 [INFO] ✓ Auto-retraining success: Successfully retrained model with 14 new fights (Accuracy: 0.6764), Backtest profit: +147.17%
2025-12-08 10:35:54,414 [INFO] Log file: logs/auto_retrain_20251208_023427.log
2025-12-08 10:35:54,414 [INFO] 
╔====================================================================╗
2025-12-08 10:35:54,414 [INFO] ║                  AUTO-RETRAIN COMPLETED SUCCESSFULLY               ║
2025-12-08 10:35:54,415 [INFO] ║                    Finished: 2025-12-08 10:35:54                    ║
2025-12-08 10:35:54,415 [INFO] ╚====================================================================╝

