2025-10-17 21:02:36,960 [INFO] ╔====================================================================╗
2025-10-17 21:02:36,960 [INFO] ║               UFC FIGHT PREDICTOR AUTO-RETRAIN                     ║
2025-10-17 21:02:36,960 [INFO] ║                    Started: 2025-10-17 21:02:36                     ║
2025-10-17 21:02:36,960 [INFO] ╚====================================================================╝
2025-10-17 21:02:36,960 [INFO] ======================================================================
2025-10-17 21:02:36,960 [INFO] STEP 1: SCRAPING NEW FIGHTS
2025-10-17 21:02:36,960 [INFO] ======================================================================
2025-10-17 21:11:31,401 [INFO] ✓ Scraping completed: 940 new fights added
2025-10-17 21:11:31,402 [INFO] 
======================================================================
2025-10-17 21:11:31,402 [INFO] STEP 2: PROCESSING NEW DATA
2025-10-17 21:11:31,402 [INFO] ======================================================================
2025-10-17 21:11:31,631 [ERROR] ✗ Data processing failed: '[902, 908, 656, 49, 372, 180, 183, 827] not found in axis'
2025-10-17 21:11:31,631 [ERROR] 

FATAL ERROR: '[902, 908, 656, 49, 372, 180, 183, 827] not found in axis'
Traceback (most recent call last):
  File "/Users/aalex_xuu/Desktop/UFCFightPredictor/auto_retrain.py", line 328, in main
    new_processed = run_data_processing()
                    ^^^^^^^^^^^^^^^^^^^^^
  File "/Users/aalex_xuu/Desktop/UFCFightPredictor/auto_retrain.py", line 99, in run_data_processing
    new_processed = process_new_fights_only(last_processed_date=last_processed)
                    ^^^^^^^^^^^^^^^^^^^^^^^^^^^^^^^^^^^^^^^^^^^^^^^^^^^^^^^^^^^
  File "/Users/aalex_xuu/Desktop/UFCFightPredictor/utils/incremental_processing.py", line 71, in process_new_fights_only
    df = apply_data_transformations(df)
         ^^^^^^^^^^^^^^^^^^^^^^^^^^^^^^
  File "/Users/aalex_xuu/Desktop/UFCFightPredictor/utils/incremental_processing.py", line 141, in apply_data_transformations
    df = df.drop(list(rows_to_delete))
         ^^^^^^^^^^^^^^^^^^^^^^^^^^^^^
  File "/Users/aalex_xuu/anaconda3/lib/python3.11/site-packages/pandas/core/frame.py", line 5347, in drop
    return super().drop(
           ^^^^^^^^^^^^^
  File "/Users/aalex_xuu/anaconda3/lib/python3.11/site-packages/pandas/core/generic.py", line 4711, in drop
    obj = obj._drop_axis(labels, axis, level=level, errors=errors)
          ^^^^^^^^^^^^^^^^^^^^^^^^^^^^^^^^^^^^^^^^^^^^^^^^^^^^^^^^
  File "/Users/aalex_xuu/anaconda3/lib/python3.11/site-packages/pandas/core/generic.py", line 4753, in _drop_axis
    new_axis = axis.drop(labels, errors=errors)
               ^^^^^^^^^^^^^^^^^^^^^^^^^^^^^^^^
  File "/Users/aalex_xuu/anaconda3/lib/python3.11/site-packages/pandas/core/indexes/base.py", line 6992, in drop
    raise KeyError(f"{labels[mask].tolist()} not found in axis")
KeyError: '[902, 908, 656, 49, 372, 180, 183, 827] not found in axis'
2025-10-17 21:11:31,640 [INFO] 
======================================================================
2025-10-17 21:11:31,640 [INFO] STEP 6: NOTIFICATION
2025-10-17 21:11:31,641 [INFO] ======================================================================
2025-10-17 21:11:31,641 [INFO] ✗ Auto-retraining failure: '[902, 908, 656, 49, 372, 180, 183, 827] not found in axis'
2025-10-17 21:11:31,641 [INFO] Log file: logs/auto_retrain_20251017_210236.log
