2025-10-17 21:16:12,886 [INFO] ╔====================================================================╗
2025-10-17 21:16:12,886 [INFO] ║               UFC FIGHT PREDICTOR AUTO-RETRAIN                     ║
2025-10-17 21:16:12,886 [INFO] ║                    Started: 2025-10-17 21:16:12                     ║
2025-10-17 21:16:12,886 [INFO] ╚====================================================================╝
2025-10-17 21:16:12,886 [INFO] Skipping scraping step (--skip-scrape)
2025-10-17 21:16:12,886 [INFO] Force processing enabled - will process even without new scrapes
2025-10-17 21:16:12,886 [INFO] 
======================================================================
2025-10-17 21:16:12,886 [INFO] STEP 2: PROCESSING NEW DATA
2025-10-17 21:16:12,886 [INFO] ======================================================================
2025-10-17 21:16:14,318 [INFO] ✓ Processing completed: 7414 new fights processed
2025-10-17 21:16:14,318 [INFO] 
======================================================================
2025-10-17 21:16:14,318 [INFO] STEP 3: FEATURE ENGINEERING
2025-10-17 21:16:14,318 [INFO] ======================================================================
2025-10-17 21:16:14,318 [INFO] Running full feature engineering (process_fights_alpha.py)
2025-10-17 21:16:14,467 [ERROR] Feature engineering failed with exit code 1
2025-10-17 21:16:14,467 [ERROR] Error output: Traceback (most recent call last):
  File "/Users/aalex_xuu/Desktop/UFCFightPredictor/process_fights_alpha.py", line 3, in <module>
    from flask import Flask
  File "/Users/aalex_xuu/anaconda3/lib/python3.11/site-packages/flask/__init__.py", line 4, in <module>
    from . import json as json
  File "/Users/aalex_xuu/anaconda3/lib/python3.11/site-packages/flask/json/__init__.py", line 8, in <module>
    from ..globals import current_app
  File "/Users/aalex_xuu/anaconda3/lib/python3.11/site-pac
2025-10-17 21:16:14,467 [ERROR] ✗ Feature engineering failed: Feature engineering subprocess failed
2025-10-17 21:16:14,467 [ERROR] You may need to run process_fights_alpha.py manually
2025-10-17 21:16:14,467 [ERROR] 

FATAL ERROR: Feature engineering subprocess failed
Traceback (most recent call last):
  File "/Users/aalex_xuu/Desktop/UFCFightPredictor/auto_retrain.py", line 346, in main
    run_feature_engineering()
  File "/Users/aalex_xuu/Desktop/UFCFightPredictor/auto_retrain.py", line 142, in run_feature_engineering
    raise Exception("Feature engineering subprocess failed")
Exception: Feature engineering subprocess failed
2025-10-17 21:16:14,468 [INFO] 
======================================================================
2025-10-17 21:16:14,468 [INFO] STEP 6: NOTIFICATION
2025-10-17 21:16:14,468 [INFO] ======================================================================
2025-10-17 21:16:14,468 [INFO] ✗ Auto-retraining failure: Feature engineering subprocess failed
2025-10-17 21:16:14,468 [INFO] Log file: logs/auto_retrain_20251017_211612.log
