2025-12-12 02:00:12,113 [INFO] ╔====================================================================╗
2025-12-12 02:00:12,114 [INFO] ║               UFC FIGHT PREDICTOR AUTO-RETRAIN                     ║
2025-12-12 02:00:12,114 [INFO] ║                    Started: 2025-12-12 02:00:12                     ║
2025-12-12 02:00:12,114 [INFO] ╚====================================================================╝
2025-12-12 02:00:12,114 [INFO] ======================================================================
2025-12-12 02:00:12,114 [INFO] STEP 1: SCRAPING NEW FIGHTS
2025-12-12 02:00:12,114 [INFO] ======================================================================
2025-12-12 02:00:12,144 [INFO] ╔====================================================================╗
2025-12-12 02:00:12,144 [INFO] ║               UFC FIGHT PREDICTOR AUTO-RETRAIN                     ║
2025-12-12 02:00:12,144 [INFO] ║                    Started: 2025-12-12 02:00:12                     ║
2025-12-12 02:00:12,144 [INFO] ╚====================================================================╝
2025-12-12 02:00:12,145 [INFO] ======================================================================
2025-12-12 02:00:12,145 [INFO] STEP 1: SCRAPING NEW FIGHTS
2025-12-12 02:00:12,145 [INFO] ======================================================================
2025-12-12 02:00:12,829 [INFO] ✓ Scraping completed: 0 new fights added
2025-12-12 02:00:12,829 [INFO] 
======================================================================
2025-12-12 02:00:12,829 [INFO] NO NEW FIGHTS - Skipping remaining steps
2025-12-12 02:00:12,829 [INFO] ======================================================================
2025-12-12 02:00:12,829 [INFO] 
======================================================================
2025-12-12 02:00:12,829 [INFO] STEP 6: NOTIFICATION
2025-12-12 02:00:12,829 [INFO] ======================================================================
2025-12-12 02:00:12,829 [INFO] ✓ Auto-retraining success: No new fights to process
2025-12-12 02:00:12,829 [INFO] Log file: logs/auto_retrain_20251212_020012.log
2025-12-12 02:00:12,897 [INFO] ✓ Scraping completed: 0 new fights added
2025-12-12 02:00:12,898 [INFO] 
======================================================================
2025-12-12 02:00:12,898 [INFO] NO NEW FIGHTS - Skipping remaining steps
2025-12-12 02:00:12,898 [INFO] ======================================================================
2025-12-12 02:00:12,898 [INFO] 
======================================================================
2025-12-12 02:00:12,898 [INFO] STEP 6: NOTIFICATION
2025-12-12 02:00:12,898 [INFO] ======================================================================
2025-12-12 02:00:12,898 [INFO] ✓ Auto-retraining success: No new fights to process
2025-12-12 02:00:12,898 [INFO] Log file: logs/auto_retrain_20251212_020012.log
