2025-10-27 02:00:03,261 [INFO] ╔====================================================================╗
2025-10-27 02:00:03,262 [INFO] ║               UFC FIGHT PREDICTOR AUTO-RETRAIN                     ║
2025-10-27 02:00:03,262 [INFO] ║                    Started: 2025-10-27 02:00:03                     ║
2025-10-27 02:00:03,262 [INFO] ╚====================================================================╝
2025-10-27 02:00:03,262 [INFO] ======================================================================
2025-10-27 02:00:03,262 [INFO] STEP 1: SCRAPING NEW FIGHTS
2025-10-27 02:00:03,262 [INFO] ======================================================================
Last scraped date: October 18, 2025

============================================================
Starting Incremental UFC Fight Scraper
============================================================
Found 753 total events on page
  ✓ New event: October 25, 2025 (14 fights)
  ✗ Reached already-scraped date: October 18, 2025

Total new events to scrape: 1

Processing event: October 25, 2025
  Scraping fight 1/14... ✓
  Scraping fight 2/14... ✓
  Scraping fight 3/14... ✓
  Scraping fight 4/14... ✓
  Scraping fight 5/14... ✓
  Scraping fight 6/14... ✓
  Scraping fight 7/14... ✓
  Scraping fight 8/14... ✓
  Scraping fight 9/14... ✓
  Scraping fight 10/14... ✓
  Scraping fight 11/14... ✓
  Scraping fight 12/14... ✓
  Scraping fight 13/14... ✓
  Scraping fight 14/14... ✓

============================================================
✓ Successfully scraped 14 new fights!
============================================================

2025-10-27 02:00:05,313 [INFO] ✓ Scraping completed: 14 new fights added
2025-10-27 02:00:05,313 [INFO] 
======================================================================
2025-10-27 02:00:05,313 [INFO] STEP 2: PROCESSING NEW DATA
2025-10-27 02:00:05,313 [INFO] ======================================================================

============================================================
Processing New Fights
============================================================
Found 28 new fights to process (out of 8578 total)
Appending 22 new fights to data/modified_fight_details.csv
✓ Successfully processed 22 new fights
============================================================

2025-10-27 02:00:05,730 [INFO] ✓ Processing completed: 22 new fights processed
2025-10-27 02:00:05,730 [INFO] 
======================================================================
2025-10-27 02:00:05,730 [INFO] STEP 3: FEATURE ENGINEERING
2025-10-27 02:00:05,730 [INFO] ======================================================================
2025-10-27 02:00:05,730 [INFO] Force feature engineering enabled
2025-10-27 02:00:05,730 [INFO] Running full feature engineering (process_fights_alpha.py)
2025-10-27 02:00:16,079 [INFO] ✓ Feature engineering completed
2025-10-27 02:00:16,081 [INFO] 
======================================================================
2025-10-27 02:00:16,081 [INFO] STEP 4: MODEL TRAINING
2025-10-27 02:00:16,081 [INFO] ======================================================================
2025-10-27 02:00:16,082 [INFO] Backing up existing models to saved_models/backup_20251027_020016
2025-10-27 02:00:16,082 [INFO] Training model (this may take several minutes)...
2025-10-27 02:00:16,090 [ERROR] ✗ Model training failed: [Errno 2] No such file or directory: 'python'
2025-10-27 02:00:16,090 [ERROR] 

FATAL ERROR: [Errno 2] No such file or directory: 'python'
Traceback (most recent call last):
  File "/Users/aalex_xuu/Desktop/UFCFightPredictor/auto_retrain.py", line 487, in main
    accuracy = run_model_training()
               ^^^^^^^^^^^^^^^^^^^^
  File "/Users/aalex_xuu/Desktop/UFCFightPredictor/auto_retrain.py", line 203, in run_model_training
    result = subprocess.run(
             ^^^^^^^^^^^^^^^
  File "/Library/Frameworks/Python.framework/Versions/3.11/lib/python3.11/subprocess.py", line 548, in run
    with Popen(*popenargs, **kwargs) as process:
         ^^^^^^^^^^^^^^^^^^^^^^^^^^^
  File "/Library/Frameworks/Python.framework/Versions/3.11/lib/python3.11/subprocess.py", line 1026, in __init__
    self._execute_child(args, executable, preexec_fn, close_fds,
  File "/Library/Frameworks/Python.framework/Versions/3.11/lib/python3.11/subprocess.py", line 1950, in _execute_child
    raise child_exception_type(errno_num, err_msg, err_filename)
FileNotFoundError: [Errno 2] No such file or directory: 'python'
2025-10-27 02:00:16,094 [INFO] 
======================================================================
2025-10-27 02:00:16,094 [INFO] STEP 6: NOTIFICATION
2025-10-27 02:00:16,094 [INFO] ======================================================================
2025-10-27 02:00:16,094 [INFO] ✗ Auto-retraining failure: [Errno 2] No such file or directory: 'python'
2025-10-27 02:00:16,094 [INFO] Log file: logs/auto_retrain_20251027_020003.log
2025-10-31 02:00:03,024 [INFO] ╔====================================================================╗
2025-10-31 02:00:03,024 [INFO] ║               UFC FIGHT PREDICTOR AUTO-RETRAIN                     ║
2025-10-31 02:00:03,024 [INFO] ║                    Started: 2025-10-31 02:00:03                     ║
2025-10-31 02:00:03,024 [INFO] ╚====================================================================╝
2025-10-31 02:00:03,024 [INFO] ======================================================================
2025-10-31 02:00:03,025 [INFO] STEP 1: SCRAPING NEW FIGHTS
2025-10-31 02:00:03,025 [INFO] ======================================================================
Last scraped date: October 25, 2025

============================================================
Starting Incremental UFC Fight Scraper
============================================================
Found 753 total events on page
  ✗ Reached already-scraped date: October 25, 2025

Total new events to scrape: 0

✓ No new fights to scrape. Database is up to date!
2025-10-31 02:00:04,712 [INFO] ✓ Scraping completed: 0 new fights added
2025-10-31 02:00:04,712 [INFO] 
======================================================================
2025-10-31 02:00:04,712 [INFO] NO NEW FIGHTS - Skipping remaining steps
2025-10-31 02:00:04,712 [INFO] ======================================================================
2025-10-31 02:00:04,713 [INFO] 
======================================================================
2025-10-31 02:00:04,713 [INFO] STEP 6: NOTIFICATION
2025-10-31 02:00:04,713 [INFO] ======================================================================
2025-10-31 02:00:04,713 [INFO] ✓ Auto-retraining success: No new fights to process
2025-10-31 02:00:04,713 [INFO] Log file: logs/auto_retrain_20251031_020003.log
2025-11-03 02:00:02,809 [INFO] ╔====================================================================╗
2025-11-03 02:00:02,810 [INFO] ║               UFC FIGHT PREDICTOR AUTO-RETRAIN                     ║
2025-11-03 02:00:02,810 [INFO] ║                    Started: 2025-11-03 02:00:02                     ║
2025-11-03 02:00:02,810 [INFO] ╚====================================================================╝
2025-11-03 02:00:02,810 [INFO] ======================================================================
2025-11-03 02:00:02,810 [INFO] STEP 1: SCRAPING NEW FIGHTS
2025-11-03 02:00:02,810 [INFO] ======================================================================
Last scraped date: October 25, 2025

============================================================
Starting Incremental UFC Fight Scraper
============================================================
Found 754 total events on page
  ✓ New event: November 01, 2025 (13 fights)
  ✗ Reached already-scraped date: October 25, 2025

Total new events to scrape: 1

Processing event: November 01, 2025
  Scraping fight 1/13... ✓
  Scraping fight 2/13... ✓
  Scraping fight 3/13... ✓
  Scraping fight 4/13... ✓
  Scraping fight 5/13... ✓
  Scraping fight 6/13... ✓
  Scraping fight 7/13... ✓
  Scraping fight 8/13... ✓
  Scraping fight 9/13... ✓
  Scraping fight 10/13... ✓
  Scraping fight 11/13... ✓
  Scraping fight 12/13... ✓
  Scraping fight 13/13... ✓

============================================================
✓ Successfully scraped 13 new fights!
============================================================

2025-11-03 02:00:08,806 [INFO] ✓ Scraping completed: 13 new fights added
2025-11-03 02:00:08,806 [INFO] 
======================================================================
2025-11-03 02:00:08,806 [INFO] STEP 2: PROCESSING NEW DATA
2025-11-03 02:00:08,806 [INFO] ======================================================================

============================================================
Processing New Fights
============================================================
Found 13 new fights to process (out of 8591 total)
Appending 10 new fights to data/modified_fight_details.csv
✓ Successfully processed 10 new fights
============================================================

2025-11-03 02:00:09,358 [INFO] ✓ Processing completed: 10 new fights processed
2025-11-03 02:00:09,358 [INFO] 
======================================================================
2025-11-03 02:00:09,358 [INFO] STEP 3: FEATURE ENGINEERING
2025-11-03 02:00:09,358 [INFO] ======================================================================
2025-11-03 02:00:09,358 [INFO] Force feature engineering enabled
2025-11-03 02:00:09,358 [INFO] Running full feature engineering (process_fights_alpha.py)
2025-11-03 02:00:20,736 [INFO] ✓ Feature engineering completed
2025-11-03 02:00:20,738 [INFO] 
======================================================================
2025-11-03 02:00:20,739 [INFO] STEP 4: MODEL TRAINING
2025-11-03 02:00:20,739 [INFO] ======================================================================
2025-11-03 02:00:20,740 [INFO] Backing up existing models to saved_models/backup_20251103_020020
2025-11-03 02:00:20,741 [INFO] Training model (this may take several minutes)...
2025-11-03 02:00:20,746 [ERROR] ✗ Model training failed: [Errno 2] No such file or directory: 'python'
2025-11-03 02:00:20,747 [ERROR] 

FATAL ERROR: [Errno 2] No such file or directory: 'python'
Traceback (most recent call last):
  File "/Users/aalex_xuu/Desktop/UFCFightPredictor/auto_retrain.py", line 487, in main
    accuracy = run_model_training()
               ^^^^^^^^^^^^^^^^^^^^
  File "/Users/aalex_xuu/Desktop/UFCFightPredictor/auto_retrain.py", line 203, in run_model_training
    result = subprocess.run(
             ^^^^^^^^^^^^^^^
  File "/Library/Frameworks/Python.framework/Versions/3.11/lib/python3.11/subprocess.py", line 548, in run
    with Popen(*popenargs, **kwargs) as process:
         ^^^^^^^^^^^^^^^^^^^^^^^^^^^
  File "/Library/Frameworks/Python.framework/Versions/3.11/lib/python3.11/subprocess.py", line 1026, in __init__
    self._execute_child(args, executable, preexec_fn, close_fds,
  File "/Library/Frameworks/Python.framework/Versions/3.11/lib/python3.11/subprocess.py", line 1950, in _execute_child
    raise child_exception_type(errno_num, err_msg, err_filename)
FileNotFoundError: [Errno 2] No such file or directory: 'python'
2025-11-03 02:00:20,752 [INFO] 
======================================================================
2025-11-03 02:00:20,752 [INFO] STEP 6: NOTIFICATION
2025-11-03 02:00:20,752 [INFO] ======================================================================
2025-11-03 02:00:20,752 [INFO] ✗ Auto-retraining failure: [Errno 2] No such file or directory: 'python'
2025-11-03 02:00:20,752 [INFO] Log file: logs/auto_retrain_20251103_020002.log
2025-12-01 02:00:02,477 [INFO] ╔====================================================================╗
2025-12-01 02:00:02,477 [INFO] ║               UFC FIGHT PREDICTOR AUTO-RETRAIN                     ║
2025-12-01 02:00:02,478 [INFO] ║                    Started: 2025-12-01 02:00:02                     ║
2025-12-01 02:00:02,478 [INFO] ╚====================================================================╝
2025-12-01 02:00:02,478 [INFO] ======================================================================
2025-12-01 02:00:02,478 [INFO] STEP 1: SCRAPING NEW FIGHTS
2025-12-01 02:00:02,478 [INFO] ======================================================================
Last scraped date: November 22, 2025

============================================================
Starting Incremental UFC Fight Scraper
============================================================
Found 757 total events on page
  ✗ Reached already-scraped date: November 22, 2025

Total new events to scrape: 0

✓ No new fights to scrape. Database is up to date!
2025-12-01 02:00:03,560 [INFO] ✓ Scraping completed: 0 new fights added
2025-12-01 02:00:03,560 [INFO] 
======================================================================
2025-12-01 02:00:03,561 [INFO] NO NEW FIGHTS - Skipping remaining steps
2025-12-01 02:00:03,561 [INFO] ======================================================================
2025-12-01 02:00:03,561 [INFO] 
======================================================================
2025-12-01 02:00:03,561 [INFO] STEP 6: NOTIFICATION
2025-12-01 02:00:03,561 [INFO] ======================================================================
2025-12-01 02:00:03,561 [INFO] ✓ Auto-retraining success: No new fights to process
2025-12-01 02:00:03,561 [INFO] Log file: logs/auto_retrain_20251201_020002.log
2025-12-05 02:00:02,466 [INFO] ╔====================================================================╗
2025-12-05 02:00:02,466 [INFO] ║               UFC FIGHT PREDICTOR AUTO-RETRAIN                     ║
2025-12-05 02:00:02,466 [INFO] ║                    Started: 2025-12-05 02:00:02                     ║
2025-12-05 02:00:02,466 [INFO] ╚====================================================================╝
2025-12-05 02:00:02,466 [INFO] ======================================================================
2025-12-05 02:00:02,467 [INFO] STEP 1: SCRAPING NEW FIGHTS
2025-12-05 02:00:02,467 [INFO] ======================================================================
Last scraped date: November 22, 2025

============================================================
Starting Incremental UFC Fight Scraper
============================================================
Found 757 total events on page
  ✗ Reached already-scraped date: November 22, 2025

Total new events to scrape: 0

✓ No new fights to scrape. Database is up to date!
2025-12-05 02:00:03,517 [INFO] ✓ Scraping completed: 0 new fights added
2025-12-05 02:00:03,517 [INFO] 
======================================================================
2025-12-05 02:00:03,517 [INFO] NO NEW FIGHTS - Skipping remaining steps
2025-12-05 02:00:03,517 [INFO] ======================================================================
2025-12-05 02:00:03,517 [INFO] 
======================================================================
2025-12-05 02:00:03,517 [INFO] STEP 6: NOTIFICATION
2025-12-05 02:00:03,517 [INFO] ======================================================================
2025-12-05 02:00:03,517 [INFO] ✓ Auto-retraining success: No new fights to process
2025-12-05 02:00:03,517 [INFO] Log file: logs/auto_retrain_20251205_020002.log
2025-12-12 02:00:12,113 [INFO] ╔====================================================================╗
2025-12-12 02:00:12,114 [INFO] ║               UFC FIGHT PREDICTOR AUTO-RETRAIN                     ║
2025-12-12 02:00:12,114 [INFO] ║                    Started: 2025-12-12 02:00:12                     ║
2025-12-12 02:00:12,114 [INFO] ╚====================================================================╝
2025-12-12 02:00:12,114 [INFO] ======================================================================
2025-12-12 02:00:12,114 [INFO] STEP 1: SCRAPING NEW FIGHTS
2025-12-12 02:00:12,114 [INFO] ======================================================================
Last scraped date: December 06, 2025

============================================================
Starting Incremental UFC Fight Scraper
============================================================
Found 758 total events on page
  ✗ Reached already-scraped date: December 06, 2025

Total new events to scrape: 0

✓ No new fights to scrape. Database is up to date!
2025-12-12 02:00:12,897 [INFO] ✓ Scraping completed: 0 new fights added
2025-12-12 02:00:12,898 [INFO] 
======================================================================
2025-12-12 02:00:12,898 [INFO] NO NEW FIGHTS - Skipping remaining steps
2025-12-12 02:00:12,898 [INFO] ======================================================================
2025-12-12 02:00:12,898 [INFO] 
======================================================================
2025-12-12 02:00:12,898 [INFO] STEP 6: NOTIFICATION
2025-12-12 02:00:12,898 [INFO] ======================================================================
2025-12-12 02:00:12,898 [INFO] ✓ Auto-retraining success: No new fights to process
2025-12-12 02:00:12,898 [INFO] Log file: logs/auto_retrain_20251212_020012.log
2025-12-15 02:00:03,414 [INFO] ╔====================================================================╗
2025-12-15 02:00:03,415 [INFO] ║               UFC FIGHT PREDICTOR AUTO-RETRAIN                     ║
2025-12-15 02:00:03,415 [INFO] ║                    Started: 2025-12-15 02:00:03                     ║
2025-12-15 02:00:03,415 [INFO] ╚====================================================================╝
2025-12-15 02:00:03,415 [INFO] ======================================================================
2025-12-15 02:00:03,415 [INFO] STEP 1: SCRAPING NEW FIGHTS
2025-12-15 02:00:03,415 [INFO] ======================================================================
Last scraped date: December 06, 2025

============================================================
Starting Incremental UFC Fight Scraper
============================================================
Found 759 total events on page
  ✓ New event: December 13, 2025 (13 fights)
  ✗ Reached already-scraped date: December 06, 2025

Total new events to scrape: 1

Processing event: December 13, 2025
  Scraping fight 1/13... ✓
  Scraping fight 2/13... ✓
  Scraping fight 3/13... ✓
  Scraping fight 4/13... ✓
  Scraping fight 5/13... ✓
  Scraping fight 6/13... ✓
  Scraping fight 7/13... ✓
  Scraping fight 8/13... ✓
  Scraping fight 9/13... ✓
  Scraping fight 10/13... ✓
  Scraping fight 11/13... ✓
  Scraping fight 12/13... ✓
  Scraping fight 13/13... ✓

============================================================
✓ Successfully scraped 13 new fights!
============================================================

2025-12-15 02:00:09,716 [INFO] ✓ Scraping completed: 13 new fights added
2025-12-15 02:00:09,717 [INFO] 
======================================================================
2025-12-15 02:00:09,717 [INFO] STEP 2: PROCESSING NEW DATA
2025-12-15 02:00:09,717 [INFO] ======================================================================

============================================================
Processing New Fights
============================================================
Found 26 new fights to process (out of 8669 total)
Appending 18 new fights to data/modified_fight_details.csv
✓ Successfully processed 18 new fights
============================================================

2025-12-15 02:00:10,419 [INFO] ✓ Processing completed: 18 new fights processed
2025-12-15 02:00:10,420 [INFO] 
======================================================================
2025-12-15 02:00:10,420 [INFO] STEP 3: FEATURE ENGINEERING
2025-12-15 02:00:10,420 [INFO] ======================================================================
2025-12-15 02:00:10,420 [INFO] Force feature engineering enabled
2025-12-15 02:00:10,420 [INFO] Running full feature engineering (process_fights_alpha.py)
2025-12-15 02:00:23,038 [INFO] ✓ Feature engineering completed
2025-12-15 02:00:23,040 [INFO] 
======================================================================
2025-12-15 02:00:23,040 [INFO] STEP 4: MODEL TRAINING
2025-12-15 02:00:23,040 [INFO] ======================================================================
2025-12-15 02:00:23,041 [INFO] Backing up existing models to saved_models/backup_20251215_020023
2025-12-15 02:00:23,041 [INFO] Training model (this may take several minutes)...
2025-12-15 02:01:10,519 [INFO] ✓ Model training completed - Accuracy: 0.6847
2025-12-15 02:01:10,522 [INFO] 
======================================================================
2025-12-15 02:01:10,522 [INFO] STEP 5: MODEL VALIDATION
2025-12-15 02:01:10,522 [INFO] ======================================================================
2025-12-15 02:01:10,523 [INFO] Model log loss: 0.6573
2025-12-15 02:01:10,540 [INFO] Test accuracy: 0.6847 (2211/3229)
2025-12-15 02:01:10,540 [INFO] ✓ Model validation passed
2025-12-15 02:01:10,540 [INFO] 
======================================================================
2025-12-15 02:01:10,541 [INFO] STEP 5a: SCRAPING BETTING ODDS
2025-12-15 02:01:10,541 [INFO] ======================================================================
2025-12-15 02:01:10,541 [INFO] Running odds scraper...
2025-12-15 02:01:16,198 [INFO] ✓ Odds scraping completed successfully
2025-12-15 02:01:16,199 [INFO] 
======================================================================
2025-12-15 02:01:16,199 [INFO] STEP 5b: BACKTESTING MODEL PERFORMANCE
2025-12-15 02:01:16,199 [INFO] ======================================================================
2025-12-15 02:01:16,199 [INFO] Running backtest from 2024-12-15 to 2025-12-15...
2025-12-15 02:01:28,565 [INFO] ✓ Backtesting completed
2025-12-15 02:01:28,567 [INFO]   Starting bankroll: $1000
2025-12-15 02:01:28,567 [INFO]   Final bankroll: $3438.68
2025-12-15 02:01:28,567 [INFO]   Profit: +243.87%
2025-12-15 02:01:28,567 [INFO] 
======================================================================
2025-12-15 02:01:28,567 [INFO] STEP 6: NOTIFICATION
2025-12-15 02:01:28,567 [INFO] ======================================================================
2025-12-15 02:01:28,568 [INFO] ✓ Auto-retraining success: Successfully retrained model with 13 new fights (Accuracy: 0.6847), Backtest profit: +243.87%
2025-12-15 02:01:28,568 [INFO] Log file: logs/auto_retrain_20251215_020003.log
2025-12-15 02:01:28,568 [INFO] 
╔====================================================================╗
2025-12-15 02:01:28,568 [INFO] ║                  AUTO-RETRAIN COMPLETED SUCCESSFULLY               ║
2025-12-15 02:01:28,568 [INFO] ║                    Finished: 2025-12-15 02:01:28                    ║
2025-12-15 02:01:28,568 [INFO] ╚====================================================================╝

2026-01-05 02:00:02,764 [INFO] ╔====================================================================╗
2026-01-05 02:00:02,765 [INFO] ║               UFC FIGHT PREDICTOR AUTO-RETRAIN                     ║
2026-01-05 02:00:02,765 [INFO] ║                    Started: 2026-01-05 02:00:02                     ║
2026-01-05 02:00:02,765 [INFO] ╚====================================================================╝
2026-01-05 02:00:02,766 [INFO] ======================================================================
2026-01-05 02:00:02,766 [INFO] STEP 1: SCRAPING NEW FIGHTS
2026-01-05 02:00:02,766 [INFO] ======================================================================
Last scraped date: December 13, 2025

============================================================
Starting Incremental UFC Fight Scraper
============================================================
Found 759 total events on page
  ✗ Reached already-scraped date: December 13, 2025

Total new events to scrape: 0

✓ No new fights to scrape. Database is up to date!
2026-01-05 02:00:03,910 [INFO] ✓ Scraping completed: 0 new fights added
2026-01-05 02:00:03,910 [INFO] 
======================================================================
2026-01-05 02:00:03,910 [INFO] NO NEW FIGHTS - Skipping remaining steps
2026-01-05 02:00:03,910 [INFO] ======================================================================
2026-01-05 02:00:03,911 [INFO] 
======================================================================
2026-01-05 02:00:03,911 [INFO] STEP 6: NOTIFICATION
2026-01-05 02:00:03,911 [INFO] ======================================================================
2026-01-05 02:00:03,911 [INFO] ✓ Auto-retraining success: No new fights to process
2026-01-05 02:00:03,911 [INFO] Log file: logs/auto_retrain_20260105_020002.log
2026-01-12 02:00:01,703 [INFO] ╔====================================================================╗
2026-01-12 02:00:01,703 [INFO] ║               UFC FIGHT PREDICTOR AUTO-RETRAIN                     ║
2026-01-12 02:00:01,703 [INFO] ║                    Started: 2026-01-12 02:00:01                     ║
2026-01-12 02:00:01,703 [INFO] ╚====================================================================╝
2026-01-12 02:00:01,703 [INFO] ======================================================================
2026-01-12 02:00:01,703 [INFO] STEP 1: SCRAPING NEW FIGHTS
2026-01-12 02:00:01,703 [INFO] ======================================================================
Last scraped date: December 13, 2025

============================================================
Starting Incremental UFC Fight Scraper
============================================================
Found 759 total events on page
  ✗ Reached already-scraped date: December 13, 2025

Total new events to scrape: 0

✓ No new fights to scrape. Database is up to date!
2026-01-12 02:00:02,665 [INFO] ✓ Scraping completed: 0 new fights added
2026-01-12 02:00:02,665 [INFO] 
======================================================================
2026-01-12 02:00:02,665 [INFO] NO NEW FIGHTS - Skipping remaining steps
2026-01-12 02:00:02,665 [INFO] ======================================================================
2026-01-12 02:00:02,665 [INFO] 
======================================================================
2026-01-12 02:00:02,665 [INFO] STEP 6: NOTIFICATION
2026-01-12 02:00:02,665 [INFO] ======================================================================
2026-01-12 02:00:02,665 [INFO] ✓ Auto-retraining success: No new fights to process
2026-01-12 02:00:02,665 [INFO] Log file: logs/auto_retrain_20260112_020001.log
